2023-11-13 20:09:29,733 file.manager INFO 2.0.1
2023-11-13 20:09:29,733 file.manager INFO Copyright (C) 2003-2022, Noriaki Ando and OpenRTM development team,
2023-11-13 20:09:29,733 file.manager INFO   Intelligent Systems Research Institute, AIST,
2023-11-13 20:09:29,733 file.manager INFO Copyright (C) 2022, Noriaki Ando and OpenRTM development team,
2023-11-13 20:09:29,733 file.manager INFO   Industrial Cyber-Physical Research Center, AIST,
2023-11-13 20:09:29,733 file.manager INFO   All right reserved.
2023-11-13 20:09:29,733 file.manager INFO Manager starting.
2023-11-13 20:09:29,733 file.manager INFO Starting local logging.
2023-11-13 20:09:29,735 file.manager.namingmanager INFO NameServer connection succeeded: corba/localhost
2023-11-13 20:09:29,740 file.ManagerServant INFO Master manager not found
2023-11-13 20:09:29,741 file.LocalServiceAdmin INFO All the local services are enabled.
2023-11-13 20:09:29,819 file.manager INFO Component type conf file: speak.conf loaded.
2023-11-13 20:09:29,821 file.ec_base INFO setRate(1000000.000000) done
2023-11-13 20:09:29,821 file.ec_base INFO setRate(1000.000000) done
2023-11-13 20:09:29,821 file.rtobject INFO 1 execution context was created.
2023-11-13 20:09:29,822 file.rtobject INFO Initial active configuration set is default.
2023-11-13 20:09:39,871 file.ManagerServant INFO Master manager not found
2023-11-13 20:09:45,077 file.ec_base WARNING The component is not responding.
2023-11-13 20:09:45,077 file.ec_base ERROR Unknown error: Invalid state transition.
2023-11-13 20:09:49,917 file.ManagerServant INFO Master manager not found
2023-11-13 20:09:57,216 file.SdoServiceAdmin WARNING No available SDO service in the factory: 
2023-11-13 20:09:57,217 file.SdoServiceAdmin ERROR type  not exists.
2023-11-13 20:09:59,956 file.ManagerServant INFO Master manager not found
