2023-11-22 12:02:24,643 file.manager INFO 2.0.1
2023-11-22 12:02:24,644 file.manager INFO Copyright (C) 2003-2022, Noriaki Ando and OpenRTM development team,
2023-11-22 12:02:24,644 file.manager INFO   Intelligent Systems Research Institute, AIST,
2023-11-22 12:02:24,644 file.manager INFO Copyright (C) 2022, Noriaki Ando and OpenRTM development team,
2023-11-22 12:02:24,644 file.manager INFO   Industrial Cyber-Physical Research Center, AIST,
2023-11-22 12:02:24,644 file.manager INFO   All right reserved.
2023-11-22 12:02:24,644 file.manager INFO Manager starting.
2023-11-22 12:02:24,644 file.manager INFO Starting local logging.
2023-11-22 12:02:24,645 file.manager.namingmanager INFO NameServer connection succeeded: corba/localhost
2023-11-22 12:02:24,650 file.ManagerServant INFO Master manager not found
2023-11-22 12:02:24,650 file.LocalServiceAdmin INFO All the local services are enabled.
2023-11-22 12:02:24,655 file.manager INFO Component type conf file: speak.conf loaded.
2023-11-22 12:02:24,656 file.ec_base INFO setRate(1000000.000000) done
2023-11-22 12:02:24,656 file.ec_base INFO setRate(1000.000000) done
2023-11-22 12:02:24,656 file.rtobject INFO 1 execution context was created.
2023-11-22 12:02:24,657 file.rtobject INFO Initial active configuration set is default.
2023-11-22 12:02:34,703 file.ManagerServant INFO Master manager not found
2023-11-22 12:02:44,757 file.ManagerServant INFO Master manager not found
2023-11-22 12:02:54,812 file.ManagerServant INFO Master manager not found
2023-11-22 12:03:04,863 file.ManagerServant INFO Master manager not found
2023-11-22 12:03:14,915 file.ManagerServant INFO Master manager not found
2023-11-22 12:03:24,970 file.ManagerServant INFO Master manager not found
2023-11-22 12:03:35,024 file.ManagerServant INFO Master manager not found
2023-11-22 12:03:45,079 file.ManagerServant INFO Master manager not found
2023-11-22 12:03:55,133 file.ManagerServant INFO Master manager not found
2023-11-22 12:04:05,187 file.ManagerServant INFO Master manager not found
2023-11-22 12:04:15,243 file.ManagerServant INFO Master manager not found
2023-11-22 12:04:25,294 file.ManagerServant INFO Master manager not found
2023-11-22 12:04:35,343 file.ManagerServant INFO Master manager not found
2023-11-22 12:04:45,396 file.ManagerServant INFO Master manager not found
2023-11-22 12:04:55,451 file.ManagerServant INFO Master manager not found
2023-11-22 12:05:05,505 file.ManagerServant INFO Master manager not found
2023-11-22 12:05:15,558 file.ManagerServant INFO Master manager not found
2023-11-22 12:05:25,611 file.ManagerServant INFO Master manager not found
2023-11-22 12:05:35,665 file.ManagerServant INFO Master manager not found
2023-11-22 12:05:45,718 file.ManagerServant INFO Master manager not found
2023-11-22 12:05:55,772 file.ManagerServant INFO Master manager not found
2023-11-22 12:06:05,827 file.ManagerServant INFO Master manager not found
2023-11-22 12:06:15,878 file.ManagerServant INFO Master manager not found
2023-11-22 12:06:25,933 file.ManagerServant INFO Master manager not found
2023-11-22 12:06:35,986 file.ManagerServant INFO Master manager not found
2023-11-22 12:06:46,034 file.ManagerServant INFO Master manager not found
2023-11-22 12:06:56,086 file.ManagerServant INFO Master manager not found
2023-11-22 12:07:06,140 file.ManagerServant INFO Master manager not found
2023-11-22 12:07:16,194 file.ManagerServant INFO Master manager not found
2023-11-22 12:07:26,248 file.ManagerServant INFO Master manager not found
2023-11-22 12:07:36,293 file.ManagerServant INFO Master manager not found
2023-11-22 12:07:46,347 file.ManagerServant INFO Master manager not found
2023-11-22 12:07:56,396 file.ManagerServant INFO Master manager not found
2023-11-22 12:08:06,449 file.ManagerServant INFO Master manager not found
2023-11-22 12:08:16,504 file.ManagerServant INFO Master manager not found
2023-11-22 12:08:26,558 file.ManagerServant INFO Master manager not found
2023-11-22 12:08:36,613 file.ManagerServant INFO Master manager not found
2023-11-22 12:08:46,667 file.ManagerServant INFO Master manager not found
2023-11-22 12:08:56,722 file.ManagerServant INFO Master manager not found
2023-11-22 12:09:06,775 file.ManagerServant INFO Master manager not found
2023-11-22 12:09:16,829 file.ManagerServant INFO Master manager not found
2023-11-22 12:09:26,884 file.ManagerServant INFO Master manager not found
2023-11-22 12:09:36,937 file.ManagerServant INFO Master manager not found
2023-11-22 12:09:46,989 file.ManagerServant INFO Master manager not found
2023-11-22 12:09:57,042 file.ManagerServant INFO Master manager not found
2023-11-22 12:10:07,095 file.ManagerServant INFO Master manager not found
2023-11-22 12:10:17,143 file.ManagerServant INFO Master manager not found
2023-11-22 12:10:27,199 file.ManagerServant INFO Master manager not found
2023-11-22 12:10:37,251 file.ManagerServant INFO Master manager not found
2023-11-22 12:10:47,304 file.ManagerServant INFO Master manager not found
2023-11-22 12:10:57,361 file.ManagerServant INFO Master manager not found
2023-11-22 12:11:07,415 file.ManagerServant INFO Master manager not found
2023-11-22 12:11:17,484 file.ManagerServant INFO Master manager not found
2023-11-22 12:11:27,538 file.ManagerServant INFO Master manager not found
2023-11-22 12:11:37,592 file.ManagerServant INFO Master manager not found
2023-11-22 12:11:47,647 file.ManagerServant INFO Master manager not found
2023-11-22 12:11:57,700 file.ManagerServant INFO Master manager not found
2023-11-22 12:12:07,753 file.ManagerServant INFO Master manager not found
2023-11-22 12:12:17,805 file.ManagerServant INFO Master manager not found
2023-11-22 12:12:27,860 file.ManagerServant INFO Master manager not found
2023-11-22 12:12:37,912 file.ManagerServant INFO Master manager not found
2023-11-22 12:12:47,966 file.ManagerServant INFO Master manager not found
2023-11-22 12:12:58,011 file.ManagerServant INFO Master manager not found
2023-11-22 12:13:08,065 file.ManagerServant INFO Master manager not found
2023-11-22 12:13:18,118 file.ManagerServant INFO Master manager not found
2023-11-22 12:13:28,170 file.ManagerServant INFO Master manager not found
2023-11-22 12:13:38,226 file.ManagerServant INFO Master manager not found
2023-11-22 12:13:48,279 file.ManagerServant INFO Master manager not found
2023-11-22 12:13:58,332 file.ManagerServant INFO Master manager not found
2023-11-22 12:14:08,386 file.ManagerServant INFO Master manager not found
2023-11-22 12:14:18,439 file.ManagerServant INFO Master manager not found
2023-11-22 12:14:28,492 file.ManagerServant INFO Master manager not found
2023-11-22 12:14:38,545 file.ManagerServant INFO Master manager not found
2023-11-22 12:14:48,598 file.ManagerServant INFO Master manager not found
2023-11-22 12:14:58,652 file.ManagerServant INFO Master manager not found
2023-11-22 12:15:08,707 file.ManagerServant INFO Master manager not found
2023-11-22 12:15:18,761 file.ManagerServant INFO Master manager not found
2023-11-22 12:15:28,813 file.ManagerServant INFO Master manager not found
2023-11-22 12:15:38,867 file.ManagerServant INFO Master manager not found
2023-11-22 12:15:48,921 file.ManagerServant INFO Master manager not found
2023-11-22 12:15:58,974 file.ManagerServant INFO Master manager not found
2023-11-22 12:16:09,028 file.ManagerServant INFO Master manager not found
2023-11-22 12:16:19,080 file.ManagerServant INFO Master manager not found
2023-11-22 12:16:29,135 file.ManagerServant INFO Master manager not found
2023-11-22 12:16:39,185 file.ManagerServant INFO Master manager not found
2023-11-22 12:16:49,239 file.ManagerServant INFO Master manager not found
2023-11-22 12:16:59,292 file.ManagerServant INFO Master manager not found
2023-11-22 12:17:09,345 file.ManagerServant INFO Master manager not found
2023-11-22 12:17:19,397 file.ManagerServant INFO Master manager not found
2023-11-22 12:17:29,449 file.ManagerServant INFO Master manager not found
2023-11-22 12:17:39,503 file.ManagerServant INFO Master manager not found
2023-11-22 12:17:49,556 file.ManagerServant INFO Master manager not found
2023-11-22 12:17:59,608 file.ManagerServant INFO Master manager not found
2023-11-22 12:18:09,662 file.ManagerServant INFO Master manager not found
2023-11-22 12:18:19,717 file.ManagerServant INFO Master manager not found
2023-11-22 12:18:29,771 file.ManagerServant INFO Master manager not found
2023-11-22 12:18:39,826 file.ManagerServant INFO Master manager not found
2023-11-22 12:18:49,880 file.ManagerServant INFO Master manager not found
2023-11-22 12:18:59,934 file.ManagerServant INFO Master manager not found
2023-11-22 12:19:09,988 file.ManagerServant INFO Master manager not found
2023-11-22 12:19:20,038 file.ManagerServant INFO Master manager not found
2023-11-22 12:19:30,093 file.ManagerServant INFO Master manager not found
2023-11-22 12:19:40,148 file.ManagerServant INFO Master manager not found
2023-11-22 12:19:50,202 file.ManagerServant INFO Master manager not found
2023-11-22 12:20:00,254 file.ManagerServant INFO Master manager not found
2023-11-22 12:20:10,306 file.ManagerServant INFO Master manager not found
2023-11-22 12:20:20,357 file.ManagerServant INFO Master manager not found
2023-11-22 12:20:30,412 file.ManagerServant INFO Master manager not found
2023-11-22 12:20:40,466 file.ManagerServant INFO Master manager not found
2023-11-22 12:20:50,516 file.ManagerServant INFO Master manager not found
2023-11-22 12:21:00,569 file.ManagerServant INFO Master manager not found
2023-11-22 12:21:10,623 file.ManagerServant INFO Master manager not found
2023-11-22 12:21:20,679 file.ManagerServant INFO Master manager not found
2023-11-22 12:21:30,733 file.ManagerServant INFO Master manager not found
2023-11-22 12:21:40,786 file.ManagerServant INFO Master manager not found
2023-11-22 12:21:50,840 file.ManagerServant INFO Master manager not found
2023-11-22 12:22:00,893 file.ManagerServant INFO Master manager not found
2023-11-22 12:22:10,945 file.ManagerServant INFO Master manager not found
2023-11-22 12:22:21,000 file.ManagerServant INFO Master manager not found
2023-11-22 12:37:05,558 file.ManagerServant INFO Master manager not found
2023-11-22 12:37:15,599 file.ManagerServant INFO Master manager not found
2023-11-22 12:37:25,645 file.ManagerServant INFO Master manager not found
2023-11-22 12:37:35,696 file.ManagerServant INFO Master manager not found
2023-11-22 12:37:45,737 file.ManagerServant INFO Master manager not found
2023-11-22 12:37:55,789 file.ManagerServant INFO Master manager not found
2023-11-22 12:38:05,837 file.ManagerServant INFO Master manager not found
2023-11-22 12:38:15,884 file.ManagerServant INFO Master manager not found
2023-11-22 12:38:25,932 file.ManagerServant INFO Master manager not found
2023-11-22 12:38:35,982 file.ManagerServant INFO Master manager not found
2023-11-22 12:38:46,035 file.ManagerServant INFO Master manager not found
2023-11-22 12:38:56,085 file.ManagerServant INFO Master manager not found
2023-11-22 12:39:06,135 file.ManagerServant INFO Master manager not found
2023-11-22 12:39:16,188 file.ManagerServant INFO Master manager not found
2023-11-22 12:39:26,236 file.ManagerServant INFO Master manager not found
2023-11-22 12:39:36,289 file.ManagerServant INFO Master manager not found
2023-11-22 12:39:46,342 file.ManagerServant INFO Master manager not found
2023-11-22 12:39:56,392 file.ManagerServant INFO Master manager not found
2023-11-22 12:40:06,445 file.ManagerServant INFO Master manager not found
2023-11-22 12:40:16,496 file.ManagerServant INFO Master manager not found
2023-11-22 12:40:26,549 file.ManagerServant INFO Master manager not found
2023-11-22 12:40:36,602 file.ManagerServant INFO Master manager not found
2023-11-22 12:40:46,653 file.ManagerServant INFO Master manager not found
2023-11-22 12:40:56,705 file.ManagerServant INFO Master manager not found
2023-11-22 12:41:06,760 file.ManagerServant INFO Master manager not found
2023-11-22 12:41:16,810 file.ManagerServant INFO Master manager not found
2023-11-22 12:41:26,860 file.ManagerServant INFO Master manager not found
2023-11-22 12:41:36,913 file.ManagerServant INFO Master manager not found
2023-11-22 12:41:46,965 file.ManagerServant INFO Master manager not found
2023-11-22 12:41:57,019 file.ManagerServant INFO Master manager not found
2023-11-22 12:42:07,071 file.ManagerServant INFO Master manager not found
2023-11-22 12:42:17,124 file.ManagerServant INFO Master manager not found
2023-11-22 12:42:27,174 file.ManagerServant INFO Master manager not found
2023-11-22 12:42:37,226 file.ManagerServant INFO Master manager not found
2023-11-22 12:42:47,281 file.ManagerServant INFO Master manager not found
2023-11-22 12:42:57,332 file.ManagerServant INFO Master manager not found
2023-11-22 12:43:07,384 file.ManagerServant INFO Master manager not found
2023-11-22 12:43:17,438 file.ManagerServant INFO Master manager not found
2023-11-22 12:43:27,488 file.ManagerServant INFO Master manager not found
2023-11-22 12:43:37,530 file.ManagerServant INFO Master manager not found
2023-11-22 12:43:47,570 file.ManagerServant INFO Master manager not found
2023-11-22 12:43:57,615 file.ManagerServant INFO Master manager not found
2023-11-22 12:44:07,663 file.ManagerServant INFO Master manager not found
2023-11-22 12:44:17,711 file.ManagerServant INFO Master manager not found
2023-11-22 12:44:27,763 file.ManagerServant INFO Master manager not found
2023-11-22 12:44:37,809 file.ManagerServant INFO Master manager not found
2023-11-22 12:44:47,857 file.ManagerServant INFO Master manager not found
2023-11-22 12:44:57,906 file.ManagerServant INFO Master manager not found
2023-11-22 12:45:07,957 file.ManagerServant INFO Master manager not found
2023-11-22 12:45:18,007 file.ManagerServant INFO Master manager not found
2023-11-22 12:45:28,060 file.ManagerServant INFO Master manager not found
2023-11-22 12:45:38,112 file.ManagerServant INFO Master manager not found
2023-11-22 12:45:48,165 file.ManagerServant INFO Master manager not found
2023-11-22 12:45:58,217 file.ManagerServant INFO Master manager not found
2023-11-22 12:46:08,267 file.ManagerServant INFO Master manager not found
2023-11-22 12:46:18,317 file.ManagerServant INFO Master manager not found
2023-11-22 12:46:28,368 file.ManagerServant INFO Master manager not found
2023-11-22 12:46:38,419 file.ManagerServant INFO Master manager not found
2023-11-22 12:46:48,473 file.ManagerServant INFO Master manager not found
2023-11-22 12:46:58,524 file.ManagerServant INFO Master manager not found
2023-11-22 12:47:08,574 file.ManagerServant INFO Master manager not found
2023-11-22 12:47:18,625 file.ManagerServant INFO Master manager not found
2023-11-22 12:47:28,678 file.ManagerServant INFO Master manager not found
2023-11-22 12:47:38,732 file.ManagerServant INFO Master manager not found
2023-11-22 12:47:48,783 file.ManagerServant INFO Master manager not found
2023-11-22 12:47:58,835 file.ManagerServant INFO Master manager not found
2023-11-22 12:48:08,886 file.ManagerServant INFO Master manager not found
2023-11-22 12:48:18,936 file.ManagerServant INFO Master manager not found
2023-11-22 12:48:28,990 file.ManagerServant INFO Master manager not found
2023-11-22 12:48:39,042 file.ManagerServant INFO Master manager not found
2023-11-22 12:48:49,093 file.ManagerServant INFO Master manager not found
2023-11-22 12:48:59,146 file.ManagerServant INFO Master manager not found
2023-11-22 12:49:09,199 file.ManagerServant INFO Master manager not found
2023-11-22 12:49:19,251 file.ManagerServant INFO Master manager not found
2023-11-22 12:49:29,305 file.ManagerServant INFO Master manager not found
2023-11-22 12:49:39,356 file.ManagerServant INFO Master manager not found
2023-11-22 12:49:49,408 file.ManagerServant INFO Master manager not found
2023-11-22 12:49:59,461 file.ManagerServant INFO Master manager not found
2023-11-22 12:50:09,509 file.ManagerServant INFO Master manager not found
2023-11-22 12:50:19,563 file.ManagerServant INFO Master manager not found
2023-11-22 12:50:29,615 file.ManagerServant INFO Master manager not found
2023-11-22 12:50:39,667 file.ManagerServant INFO Master manager not found
2023-11-22 12:50:49,721 file.ManagerServant INFO Master manager not found
2023-11-22 12:50:59,775 file.ManagerServant INFO Master manager not found
2023-11-22 12:51:09,828 file.ManagerServant INFO Master manager not found
2023-11-22 12:51:19,881 file.ManagerServant INFO Master manager not found
2023-11-22 12:51:29,934 file.ManagerServant INFO Master manager not found
2023-11-22 12:51:39,983 file.ManagerServant INFO Master manager not found
2023-11-22 12:51:50,036 file.ManagerServant INFO Master manager not found
2023-11-22 12:52:00,087 file.ManagerServant INFO Master manager not found
2023-11-22 12:52:10,133 file.ManagerServant INFO Master manager not found
2023-11-22 12:52:20,182 file.ManagerServant INFO Master manager not found
2023-11-22 12:52:30,235 file.ManagerServant INFO Master manager not found
2023-11-22 12:52:40,289 file.ManagerServant INFO Master manager not found
2023-11-22 12:52:50,339 file.ManagerServant INFO Master manager not found
2023-11-22 12:53:00,392 file.ManagerServant INFO Master manager not found
2023-11-22 12:53:10,444 file.ManagerServant INFO Master manager not found
2023-11-22 12:53:20,496 file.ManagerServant INFO Master manager not found
2023-11-22 12:53:30,548 file.ManagerServant INFO Master manager not found
2023-11-22 12:53:40,594 file.ManagerServant INFO Master manager not found
2023-11-22 12:53:50,640 file.ManagerServant INFO Master manager not found
2023-11-22 12:54:00,692 file.ManagerServant INFO Master manager not found
2023-11-22 12:54:10,742 file.ManagerServant INFO Master manager not found
2023-11-22 12:54:20,790 file.ManagerServant INFO Master manager not found
2023-11-22 12:54:30,843 file.ManagerServant INFO Master manager not found
2023-11-22 12:54:40,895 file.ManagerServant INFO Master manager not found
2023-11-22 12:54:50,946 file.ManagerServant INFO Master manager not found
2023-11-22 12:55:00,999 file.ManagerServant INFO Master manager not found
2023-11-22 12:55:11,050 file.ManagerServant INFO Master manager not found
2023-11-22 12:55:21,103 file.ManagerServant INFO Master manager not found
2023-11-22 12:55:31,152 file.ManagerServant INFO Master manager not found
2023-11-22 12:55:41,204 file.ManagerServant INFO Master manager not found
2023-11-22 12:55:51,256 file.ManagerServant INFO Master manager not found
2023-11-22 12:56:01,307 file.ManagerServant INFO Master manager not found
2023-11-22 12:56:11,361 file.ManagerServant INFO Master manager not found
2023-11-22 12:56:21,412 file.ManagerServant INFO Master manager not found
2023-11-22 12:56:31,463 file.ManagerServant INFO Master manager not found
2023-11-22 12:56:41,517 file.ManagerServant INFO Master manager not found
2023-11-22 12:56:51,567 file.ManagerServant INFO Master manager not found
2023-11-22 12:57:01,621 file.ManagerServant INFO Master manager not found
2023-11-22 12:57:11,673 file.ManagerServant INFO Master manager not found
2023-11-22 12:57:21,725 file.ManagerServant INFO Master manager not found
2023-11-22 12:57:31,779 file.ManagerServant INFO Master manager not found
2023-11-22 12:57:41,831 file.ManagerServant INFO Master manager not found
2023-11-22 12:57:51,882 file.ManagerServant INFO Master manager not found
2023-11-22 12:58:01,938 file.ManagerServant INFO Master manager not found
2023-11-22 12:58:11,986 file.ManagerServant INFO Master manager not found
2023-11-22 12:58:22,039 file.ManagerServant INFO Master manager not found
2023-11-22 12:58:32,092 file.ManagerServant INFO Master manager not found
2023-11-22 12:58:42,146 file.ManagerServant INFO Master manager not found
2023-11-22 12:58:52,200 file.ManagerServant INFO Master manager not found
2023-11-22 12:59:02,251 file.ManagerServant INFO Master manager not found
2023-11-22 12:59:12,294 file.ManagerServant INFO Master manager not found
2023-11-22 12:59:22,344 file.ManagerServant INFO Master manager not found
2023-11-22 12:59:32,397 file.ManagerServant INFO Master manager not found
2023-11-22 12:59:42,449 file.ManagerServant INFO Master manager not found
2023-11-22 12:59:52,501 file.ManagerServant INFO Master manager not found
2023-11-22 13:00:02,554 file.ManagerServant INFO Master manager not found
2023-11-22 13:00:12,607 file.ManagerServant INFO Master manager not found
2023-11-22 13:00:22,659 file.ManagerServant INFO Master manager not found
2023-11-22 13:00:32,717 file.ManagerServant INFO Master manager not found
2023-11-22 13:00:42,769 file.ManagerServant INFO Master manager not found
2023-11-22 13:00:52,823 file.ManagerServant INFO Master manager not found
2023-11-22 13:01:02,876 file.ManagerServant INFO Master manager not found
2023-11-22 13:01:12,928 file.ManagerServant INFO Master manager not found
2023-11-22 13:01:22,978 file.ManagerServant INFO Master manager not found
2023-11-22 13:01:33,032 file.ManagerServant INFO Master manager not found
2023-11-22 13:01:43,085 file.ManagerServant INFO Master manager not found
2023-11-22 13:01:53,140 file.ManagerServant INFO Master manager not found
2023-11-22 13:02:03,191 file.ManagerServant INFO Master manager not found
2023-11-22 13:02:13,245 file.ManagerServant INFO Master manager not found
2023-11-22 13:02:23,296 file.ManagerServant INFO Master manager not found
2023-11-22 13:02:33,349 file.ManagerServant INFO Master manager not found
2023-11-22 13:02:43,400 file.ManagerServant INFO Master manager not found
2023-11-22 13:02:53,451 file.ManagerServant INFO Master manager not found
2023-11-22 13:03:03,504 file.ManagerServant INFO Master manager not found
2023-11-22 13:03:13,556 file.ManagerServant INFO Master manager not found
2023-11-22 13:03:23,609 file.ManagerServant INFO Master manager not found
2023-11-22 13:03:33,664 file.ManagerServant INFO Master manager not found
2023-11-22 13:03:43,719 file.ManagerServant INFO Master manager not found
2023-11-22 13:03:53,772 file.ManagerServant INFO Master manager not found
2023-11-22 13:04:03,825 file.ManagerServant INFO Master manager not found
2023-11-22 13:04:13,875 file.ManagerServant INFO Master manager not found
2023-11-22 13:04:23,924 file.ManagerServant INFO Master manager not found
2023-11-22 13:04:33,976 file.ManagerServant INFO Master manager not found
2023-11-22 13:04:44,027 file.ManagerServant INFO Master manager not found
2023-11-22 13:04:54,079 file.ManagerServant INFO Master manager not found
2023-11-22 13:05:04,133 file.ManagerServant INFO Master manager not found
2023-11-22 13:05:14,185 file.ManagerServant INFO Master manager not found
2023-11-22 13:05:24,236 file.ManagerServant INFO Master manager not found
2023-11-22 13:05:34,291 file.ManagerServant INFO Master manager not found
2023-11-22 13:05:44,344 file.ManagerServant INFO Master manager not found
2023-11-22 13:05:54,398 file.ManagerServant INFO Master manager not found
2023-11-22 13:06:04,450 file.ManagerServant INFO Master manager not found
2023-11-22 13:06:14,502 file.ManagerServant INFO Master manager not found
2023-11-22 13:06:24,552 file.ManagerServant INFO Master manager not found
2023-11-22 13:06:34,604 file.ManagerServant INFO Master manager not found
2023-11-22 13:06:44,659 file.ManagerServant INFO Master manager not found
2023-11-22 13:06:54,710 file.ManagerServant INFO Master manager not found
2023-11-22 13:07:04,763 file.ManagerServant INFO Master manager not found
2023-11-22 13:07:14,813 file.ManagerServant INFO Master manager not found
2023-11-22 13:07:24,865 file.ManagerServant INFO Master manager not found
2023-11-22 13:07:34,919 file.ManagerServant INFO Master manager not found
2023-11-22 13:07:44,974 file.ManagerServant INFO Master manager not found
2023-11-22 13:07:55,029 file.ManagerServant INFO Master manager not found
2023-11-22 13:08:05,079 file.ManagerServant INFO Master manager not found
2023-11-22 13:08:15,135 file.ManagerServant INFO Master manager not found
2023-11-22 13:08:25,188 file.ManagerServant INFO Master manager not found
2023-11-22 13:08:35,240 file.ManagerServant INFO Master manager not found
2023-11-22 13:08:45,291 file.ManagerServant INFO Master manager not found
2023-11-22 13:08:55,344 file.ManagerServant INFO Master manager not found
2023-11-22 13:09:05,398 file.ManagerServant INFO Master manager not found
2023-11-22 13:09:15,452 file.ManagerServant INFO Master manager not found
2023-11-22 13:09:25,502 file.ManagerServant INFO Master manager not found
2023-11-22 13:09:35,555 file.ManagerServant INFO Master manager not found
2023-11-22 13:09:45,609 file.ManagerServant INFO Master manager not found
2023-11-22 13:09:55,664 file.ManagerServant INFO Master manager not found
2023-11-22 13:10:05,712 file.ManagerServant INFO Master manager not found
2023-11-22 13:10:15,769 file.ManagerServant INFO Master manager not found
2023-11-22 13:10:25,822 file.ManagerServant INFO Master manager not found
2023-11-22 13:10:35,874 file.ManagerServant INFO Master manager not found
2023-11-22 13:10:45,929 file.ManagerServant INFO Master manager not found
2023-11-22 13:10:55,981 file.ManagerServant INFO Master manager not found
2023-11-22 13:11:06,034 file.ManagerServant INFO Master manager not found
2023-11-22 13:11:16,089 file.ManagerServant INFO Master manager not found
2023-11-22 13:11:26,141 file.ManagerServant INFO Master manager not found
2023-11-22 13:11:36,194 file.ManagerServant INFO Master manager not found
2023-11-22 13:11:46,247 file.ManagerServant INFO Master manager not found
2023-11-22 13:11:56,300 file.ManagerServant INFO Master manager not found
2023-11-22 13:12:06,354 file.ManagerServant INFO Master manager not found
2023-11-22 13:12:16,408 file.ManagerServant INFO Master manager not found
2023-11-22 13:12:26,461 file.ManagerServant INFO Master manager not found
2023-11-22 13:12:36,516 file.ManagerServant INFO Master manager not found
2023-11-22 13:12:46,565 file.ManagerServant INFO Master manager not found
2023-11-22 13:12:56,620 file.ManagerServant INFO Master manager not found
2023-11-22 13:13:06,672 file.ManagerServant INFO Master manager not found
2023-11-22 13:13:16,724 file.ManagerServant INFO Master manager not found
2023-11-22 13:13:26,781 file.ManagerServant INFO Master manager not found
2023-11-23 09:09:35,626 file.ManagerServant INFO Master manager not found
2023-11-23 09:09:45,676 file.ManagerServant INFO Master manager not found
2023-11-23 09:09:55,729 file.ManagerServant INFO Master manager not found
2023-11-23 09:10:05,776 file.ManagerServant INFO Master manager not found
2023-11-23 09:10:15,830 file.ManagerServant INFO Master manager not found
2023-11-23 09:10:25,885 file.ManagerServant INFO Master manager not found
2023-11-23 09:10:35,941 file.ManagerServant INFO Master manager not found
2023-11-23 09:10:45,996 file.ManagerServant INFO Master manager not found
2023-11-23 09:10:56,052 file.ManagerServant INFO Master manager not found
2023-11-23 09:11:06,104 file.ManagerServant INFO Master manager not found
2023-11-23 09:11:16,153 file.ManagerServant INFO Master manager not found
2023-11-23 09:11:26,205 file.ManagerServant INFO Master manager not found
2023-11-23 09:11:36,255 file.ManagerServant INFO Master manager not found
2023-11-23 09:11:46,309 file.ManagerServant INFO Master manager not found
2023-11-23 09:11:56,362 file.ManagerServant INFO Master manager not found
