2023-11-23 09:21:20,043 file.manager INFO 2.0.1
2023-11-23 09:21:20,043 file.manager INFO Copyright (C) 2003-2022, Noriaki Ando and OpenRTM development team,
2023-11-23 09:21:20,043 file.manager INFO   Intelligent Systems Research Institute, AIST,
2023-11-23 09:21:20,043 file.manager INFO Copyright (C) 2022, Noriaki Ando and OpenRTM development team,
2023-11-23 09:21:20,043 file.manager INFO   Industrial Cyber-Physical Research Center, AIST,
2023-11-23 09:21:20,043 file.manager INFO   All right reserved.
2023-11-23 09:21:20,043 file.manager INFO Manager starting.
2023-11-23 09:21:20,043 file.manager INFO Starting local logging.
2023-11-23 09:21:20,045 file.manager.namingmanager INFO NameServer connection succeeded: corba/localhost
2023-11-23 09:21:20,049 file.ManagerServant INFO Master manager not found
2023-11-23 09:21:20,050 file.LocalServiceAdmin INFO All the local services are enabled.
2023-11-23 09:21:20,056 file.manager INFO Component type conf file: speak.conf loaded.
2023-11-23 09:21:20,057 file.ec_base INFO setRate(1000000.000000) done
2023-11-23 09:21:20,057 file.ec_base INFO setRate(1000.000000) done
2023-11-23 09:21:20,057 file.rtobject INFO 1 execution context was created.
2023-11-23 09:21:20,058 file.rtobject INFO Initial active configuration set is default.
2023-11-23 09:21:30,068 file.ManagerServant INFO Master manager not found
2023-11-23 09:21:40,095 file.ManagerServant INFO Master manager not found
2023-11-23 09:21:50,121 file.ManagerServant INFO Master manager not found
2023-11-23 09:22:00,154 file.ManagerServant INFO Master manager not found
2023-11-23 09:22:10,201 file.ManagerServant INFO Master manager not found
2023-11-23 09:22:20,249 file.ManagerServant INFO Master manager not found
2023-11-23 09:22:30,301 file.ManagerServant INFO Master manager not found
2023-11-23 09:22:40,351 file.ManagerServant INFO Master manager not found
2023-11-23 09:22:50,402 file.ManagerServant INFO Master manager not found
2023-11-23 09:23:00,453 file.ManagerServant INFO Master manager not found
2023-11-23 09:23:10,502 file.ManagerServant INFO Master manager not found
2023-11-23 09:23:20,550 file.ManagerServant INFO Master manager not found
2023-11-23 09:23:30,598 file.ManagerServant INFO Master manager not found
2023-11-23 09:23:40,650 file.ManagerServant INFO Master manager not found
2023-11-23 09:23:50,702 file.ManagerServant INFO Master manager not found
2023-11-23 09:24:00,752 file.ManagerServant INFO Master manager not found
2023-11-23 09:24:10,803 file.ManagerServant INFO Master manager not found
2023-11-23 09:24:20,853 file.ManagerServant INFO Master manager not found
2023-11-23 09:24:30,903 file.ManagerServant INFO Master manager not found
2023-11-23 09:24:40,954 file.ManagerServant INFO Master manager not found
2023-11-23 09:24:51,003 file.ManagerServant INFO Master manager not found
2023-11-23 09:25:01,057 file.ManagerServant INFO Master manager not found
2023-11-23 09:25:11,105 file.ManagerServant INFO Master manager not found
2023-11-23 09:25:21,152 file.ManagerServant INFO Master manager not found
