2023-11-23 09:25:56,175 file.manager INFO 2.0.1
2023-11-23 09:25:56,175 file.manager INFO Copyright (C) 2003-2022, Noriaki Ando and OpenRTM development team,
2023-11-23 09:25:56,175 file.manager INFO   Intelligent Systems Research Institute, AIST,
2023-11-23 09:25:56,175 file.manager INFO Copyright (C) 2022, Noriaki Ando and OpenRTM development team,
2023-11-23 09:25:56,175 file.manager INFO   Industrial Cyber-Physical Research Center, AIST,
2023-11-23 09:25:56,175 file.manager INFO   All right reserved.
2023-11-23 09:25:56,175 file.manager INFO Manager starting.
2023-11-23 09:25:56,175 file.manager INFO Starting local logging.
2023-11-23 09:25:56,177 file.manager.namingmanager INFO NameServer connection succeeded: corba/localhost
2023-11-23 09:25:56,181 file.ManagerServant INFO Master manager not found
2023-11-23 09:25:56,182 file.LocalServiceAdmin INFO All the local services are enabled.
2023-11-23 09:25:56,186 file.manager INFO Component type conf file: speak.conf loaded.
2023-11-23 09:25:56,187 file.ec_base INFO setRate(1000000.000000) done
2023-11-23 09:25:56,187 file.ec_base INFO setRate(1000.000000) done
2023-11-23 09:25:56,188 file.rtobject INFO 1 execution context was created.
2023-11-23 09:25:56,189 file.rtobject INFO Initial active configuration set is default.
2023-11-23 09:26:06,233 file.ManagerServant INFO Master manager not found
2023-11-23 09:26:16,280 file.ManagerServant INFO Master manager not found
2023-11-23 09:26:26,328 file.ManagerServant INFO Master manager not found
2023-11-23 09:26:36,377 file.ManagerServant INFO Master manager not found
2023-11-23 09:26:46,424 file.ManagerServant INFO Master manager not found
2023-11-23 09:26:56,472 file.ManagerServant INFO Master manager not found
2023-11-23 09:27:06,512 file.ManagerServant INFO Master manager not found
2023-11-23 09:27:16,558 file.ManagerServant INFO Master manager not found
2023-11-23 09:27:26,608 file.ManagerServant INFO Master manager not found
2023-11-23 09:27:36,656 file.ManagerServant INFO Master manager not found
2023-11-23 09:27:46,706 file.ManagerServant INFO Master manager not found
2023-11-23 09:27:56,756 file.ManagerServant INFO Master manager not found
2023-11-23 09:28:06,806 file.ManagerServant INFO Master manager not found
2023-11-23 09:28:16,852 file.ManagerServant INFO Master manager not found
2023-11-23 09:28:26,900 file.ManagerServant INFO Master manager not found
2023-11-23 09:28:36,943 file.ManagerServant INFO Master manager not found
2023-11-23 09:28:46,992 file.ManagerServant INFO Master manager not found
2023-11-23 09:28:57,038 file.ManagerServant INFO Master manager not found
2023-11-23 09:29:07,086 file.ManagerServant INFO Master manager not found
2023-11-23 09:29:17,136 file.ManagerServant INFO Master manager not found
2023-11-23 09:29:27,184 file.ManagerServant INFO Master manager not found
2023-11-23 09:29:37,226 file.ManagerServant INFO Master manager not found
2023-11-23 09:29:47,269 file.ManagerServant INFO Master manager not found
2023-11-23 09:29:57,314 file.ManagerServant INFO Master manager not found
2023-11-23 09:30:07,361 file.ManagerServant INFO Master manager not found
2023-11-23 09:30:17,408 file.ManagerServant INFO Master manager not found
2023-11-23 09:30:27,456 file.ManagerServant INFO Master manager not found
2023-11-23 09:30:37,502 file.ManagerServant INFO Master manager not found
2023-11-23 09:30:47,549 file.ManagerServant INFO Master manager not found
2023-11-23 09:30:57,593 file.ManagerServant INFO Master manager not found
2023-11-23 09:31:07,639 file.ManagerServant INFO Master manager not found
2023-11-23 09:31:17,684 file.ManagerServant INFO Master manager not found
2023-11-23 09:31:27,729 file.ManagerServant INFO Master manager not found
2023-11-23 09:31:37,775 file.ManagerServant INFO Master manager not found
2023-11-23 09:31:47,825 file.ManagerServant INFO Master manager not found
2023-11-23 09:31:57,876 file.ManagerServant INFO Master manager not found
2023-11-23 09:32:07,924 file.ManagerServant INFO Master manager not found
2023-11-23 09:32:17,973 file.ManagerServant INFO Master manager not found
2023-11-23 09:32:28,023 file.ManagerServant INFO Master manager not found
2023-11-23 09:32:38,074 file.ManagerServant INFO Master manager not found
2023-11-23 09:32:48,121 file.ManagerServant INFO Master manager not found
2023-11-23 09:32:58,168 file.ManagerServant INFO Master manager not found
2023-11-23 09:33:08,214 file.ManagerServant INFO Master manager not found
2023-11-23 09:33:18,260 file.ManagerServant INFO Master manager not found
2023-11-23 09:33:28,304 file.ManagerServant INFO Master manager not found
2023-11-23 09:33:38,353 file.ManagerServant INFO Master manager not found
2023-11-23 09:33:48,402 file.ManagerServant INFO Master manager not found
2023-11-23 09:33:58,452 file.ManagerServant INFO Master manager not found
2023-11-23 09:34:08,504 file.ManagerServant INFO Master manager not found
2023-11-23 09:34:18,552 file.ManagerServant INFO Master manager not found
2023-11-23 09:34:28,600 file.ManagerServant INFO Master manager not found
2023-11-23 09:34:38,651 file.ManagerServant INFO Master manager not found
2023-11-23 09:34:48,697 file.ManagerServant INFO Master manager not found
2023-11-23 09:34:58,747 file.ManagerServant INFO Master manager not found
2023-11-23 09:35:08,798 file.ManagerServant INFO Master manager not found
2023-11-23 09:35:18,850 file.ManagerServant INFO Master manager not found
2023-11-23 09:35:28,900 file.ManagerServant INFO Master manager not found
2023-11-23 09:35:38,950 file.ManagerServant INFO Master manager not found
2023-11-23 09:35:49,001 file.ManagerServant INFO Master manager not found
2023-11-23 09:35:59,051 file.ManagerServant INFO Master manager not found
2023-11-23 09:36:09,105 file.ManagerServant INFO Master manager not found
2023-11-23 09:36:19,154 file.ManagerServant INFO Master manager not found
2023-11-23 09:36:29,205 file.ManagerServant INFO Master manager not found
2023-11-23 09:36:39,250 file.ManagerServant INFO Master manager not found
2023-11-23 09:36:49,290 file.ManagerServant INFO Master manager not found
2023-11-23 09:36:59,327 file.ManagerServant INFO Master manager not found
2023-11-23 09:37:09,368 file.ManagerServant INFO Master manager not found
2023-11-23 09:37:19,415 file.ManagerServant INFO Master manager not found
2023-11-23 09:37:29,461 file.ManagerServant INFO Master manager not found
2023-11-23 09:37:39,508 file.ManagerServant INFO Master manager not found
2023-11-23 09:37:49,549 file.ManagerServant INFO Master manager not found
2023-11-23 09:37:59,592 file.ManagerServant INFO Master manager not found
2023-11-23 09:38:09,637 file.ManagerServant INFO Master manager not found
2023-11-23 09:38:19,687 file.ManagerServant INFO Master manager not found
2023-11-23 09:38:29,735 file.ManagerServant INFO Master manager not found
2023-11-23 09:38:39,784 file.ManagerServant INFO Master manager not found
2023-11-23 09:38:49,834 file.ManagerServant INFO Master manager not found
2023-11-23 09:38:59,882 file.ManagerServant INFO Master manager not found
2023-11-23 09:39:09,931 file.ManagerServant INFO Master manager not found
2023-11-23 09:39:19,981 file.ManagerServant INFO Master manager not found
2023-11-23 09:39:30,028 file.ManagerServant INFO Master manager not found
2023-11-23 09:39:40,072 file.ManagerServant INFO Master manager not found
2023-11-23 09:39:50,121 file.ManagerServant INFO Master manager not found
2023-11-23 09:40:00,172 file.ManagerServant INFO Master manager not found
2023-11-23 09:40:10,220 file.ManagerServant INFO Master manager not found
2023-11-23 09:40:20,268 file.ManagerServant INFO Master manager not found
2023-11-23 09:40:30,314 file.ManagerServant INFO Master manager not found
2023-11-23 09:40:40,358 file.ManagerServant INFO Master manager not found
2023-11-23 09:40:50,405 file.ManagerServant INFO Master manager not found
2023-11-23 09:41:00,450 file.ManagerServant INFO Master manager not found
2023-11-23 09:41:10,499 file.ManagerServant INFO Master manager not found
2023-11-23 09:41:20,548 file.ManagerServant INFO Master manager not found
2023-11-23 09:41:30,594 file.ManagerServant INFO Master manager not found
2023-11-23 09:41:40,641 file.ManagerServant INFO Master manager not found
2023-11-23 09:41:50,686 file.ManagerServant INFO Master manager not found
2023-11-23 09:42:00,730 file.ManagerServant INFO Master manager not found
2023-11-23 09:42:10,777 file.ManagerServant INFO Master manager not found
2023-11-23 09:42:20,827 file.ManagerServant INFO Master manager not found
2023-11-23 09:42:30,878 file.ManagerServant INFO Master manager not found
2023-11-23 09:42:40,928 file.ManagerServant INFO Master manager not found
2023-11-23 09:42:50,979 file.ManagerServant INFO Master manager not found
2023-11-23 09:43:01,027 file.ManagerServant INFO Master manager not found
2023-11-23 09:43:11,073 file.ManagerServant INFO Master manager not found
2023-11-23 09:43:21,120 file.ManagerServant INFO Master manager not found
2023-11-23 09:43:31,180 file.ManagerServant INFO Master manager not found
2023-11-23 09:43:41,229 file.ManagerServant INFO Master manager not found
2023-11-23 09:43:51,278 file.ManagerServant INFO Master manager not found
2023-11-23 09:44:01,324 file.ManagerServant INFO Master manager not found
2023-11-23 09:44:11,372 file.ManagerServant INFO Master manager not found
2023-11-23 09:44:21,431 file.ManagerServant INFO Master manager not found
2023-11-23 09:44:31,481 file.ManagerServant INFO Master manager not found
2023-11-23 09:44:41,526 file.ManagerServant INFO Master manager not found
2023-11-23 09:44:51,582 file.ManagerServant INFO Master manager not found
2023-11-23 09:45:01,630 file.ManagerServant INFO Master manager not found
2023-11-23 09:45:11,688 file.ManagerServant INFO Master manager not found
2023-11-23 09:45:21,738 file.ManagerServant INFO Master manager not found
2023-11-23 09:45:31,787 file.ManagerServant INFO Master manager not found
2023-11-23 09:45:41,840 file.ManagerServant INFO Master manager not found
2023-11-23 09:45:51,889 file.ManagerServant INFO Master manager not found
2023-11-23 09:46:01,940 file.ManagerServant INFO Master manager not found
2023-11-23 09:46:11,991 file.ManagerServant INFO Master manager not found
2023-11-23 09:46:22,040 file.ManagerServant INFO Master manager not found
2023-11-23 09:46:32,091 file.ManagerServant INFO Master manager not found
2023-11-23 09:46:42,140 file.ManagerServant INFO Master manager not found
2023-11-23 09:46:52,189 file.ManagerServant INFO Master manager not found
2023-11-23 09:47:02,236 file.ManagerServant INFO Master manager not found
2023-11-23 09:47:12,276 file.ManagerServant INFO Master manager not found
2023-11-23 09:47:22,327 file.ManagerServant INFO Master manager not found
2023-11-23 09:47:32,376 file.ManagerServant INFO Master manager not found
2023-11-23 09:47:42,426 file.ManagerServant INFO Master manager not found
2023-11-23 09:47:52,475 file.ManagerServant INFO Master manager not found
2023-11-23 09:48:02,522 file.ManagerServant INFO Master manager not found
2023-11-23 09:48:12,574 file.ManagerServant INFO Master manager not found
2023-11-23 09:48:22,628 file.ManagerServant INFO Master manager not found
2023-11-23 09:48:32,676 file.ManagerServant INFO Master manager not found
2023-11-23 09:48:42,721 file.ManagerServant INFO Master manager not found
2023-11-23 09:48:52,765 file.ManagerServant INFO Master manager not found
2023-11-23 09:49:02,807 file.ManagerServant INFO Master manager not found
2023-11-23 09:49:12,851 file.ManagerServant INFO Master manager not found
2023-11-23 09:49:22,900 file.ManagerServant INFO Master manager not found
2023-11-23 09:49:32,945 file.ManagerServant INFO Master manager not found
2023-11-23 09:49:42,990 file.ManagerServant INFO Master manager not found
2023-11-23 09:49:53,039 file.ManagerServant INFO Master manager not found
2023-11-23 09:50:03,090 file.ManagerServant INFO Master manager not found
2023-11-23 09:50:13,139 file.ManagerServant INFO Master manager not found
2023-11-23 09:50:23,190 file.ManagerServant INFO Master manager not found
2023-11-23 09:50:33,238 file.ManagerServant INFO Master manager not found
2023-11-23 09:50:43,287 file.ManagerServant INFO Master manager not found
2023-11-23 09:50:53,337 file.ManagerServant INFO Master manager not found
2023-11-23 09:51:03,386 file.ManagerServant INFO Master manager not found
2023-11-23 09:51:13,433 file.ManagerServant INFO Master manager not found
2023-11-23 09:51:23,478 file.ManagerServant INFO Master manager not found
2023-11-23 09:51:33,527 file.ManagerServant INFO Master manager not found
2023-11-23 09:51:43,580 file.ManagerServant INFO Master manager not found
2023-11-23 09:51:53,627 file.ManagerServant INFO Master manager not found
2023-11-23 09:52:03,674 file.ManagerServant INFO Master manager not found
2023-11-23 09:52:13,724 file.ManagerServant INFO Master manager not found
2023-11-23 09:52:23,769 file.ManagerServant INFO Master manager not found
2023-11-23 09:52:33,819 file.ManagerServant INFO Master manager not found
2023-11-23 09:52:43,869 file.ManagerServant INFO Master manager not found
2023-11-23 09:52:53,920 file.ManagerServant INFO Master manager not found
2023-11-23 09:53:03,971 file.ManagerServant INFO Master manager not found
2023-11-23 09:53:14,021 file.ManagerServant INFO Master manager not found
2023-11-23 09:53:24,069 file.ManagerServant INFO Master manager not found
2023-11-23 09:53:34,121 file.ManagerServant INFO Master manager not found
2023-11-23 09:53:44,181 file.ManagerServant INFO Master manager not found
2023-11-23 09:53:54,239 file.ManagerServant INFO Master manager not found
2023-11-23 09:54:04,294 file.ManagerServant INFO Master manager not found
2023-11-23 09:54:14,342 file.ManagerServant INFO Master manager not found
2023-11-23 09:54:24,393 file.ManagerServant INFO Master manager not found
2023-11-23 09:54:34,446 file.ManagerServant INFO Master manager not found
2023-11-23 09:54:44,506 file.ManagerServant INFO Master manager not found
2023-11-23 09:54:54,556 file.ManagerServant INFO Master manager not found
2023-11-23 09:55:04,612 file.ManagerServant INFO Master manager not found
2023-11-23 09:55:14,666 file.ManagerServant INFO Master manager not found
2023-11-23 09:55:24,716 file.ManagerServant INFO Master manager not found
2023-11-23 09:55:34,768 file.ManagerServant INFO Master manager not found
2023-11-23 09:55:44,816 file.ManagerServant INFO Master manager not found
2023-11-23 09:55:54,866 file.ManagerServant INFO Master manager not found
2023-11-23 09:56:04,917 file.ManagerServant INFO Master manager not found
2023-11-23 09:56:14,968 file.ManagerServant INFO Master manager not found
2023-11-23 09:56:25,018 file.ManagerServant INFO Master manager not found
2023-11-23 09:56:35,066 file.ManagerServant INFO Master manager not found
2023-11-23 09:56:45,116 file.ManagerServant INFO Master manager not found
2023-11-23 09:56:55,168 file.ManagerServant INFO Master manager not found
2023-11-23 09:57:05,210 file.ManagerServant INFO Master manager not found
2023-11-23 09:57:15,257 file.ManagerServant INFO Master manager not found
2023-11-23 09:57:25,308 file.ManagerServant INFO Master manager not found
2023-11-23 09:57:35,358 file.ManagerServant INFO Master manager not found
2023-11-23 09:57:45,411 file.ManagerServant INFO Master manager not found
2023-11-23 09:57:55,462 file.ManagerServant INFO Master manager not found
2023-11-23 09:58:05,513 file.ManagerServant INFO Master manager not found
2023-11-23 09:58:15,565 file.ManagerServant INFO Master manager not found
2023-11-23 09:58:25,617 file.ManagerServant INFO Master manager not found
2023-11-23 09:58:35,663 file.ManagerServant INFO Master manager not found
2023-11-23 09:58:45,714 file.ManagerServant INFO Master manager not found
2023-11-23 09:58:55,764 file.ManagerServant INFO Master manager not found
2023-11-23 09:59:05,815 file.ManagerServant INFO Master manager not found
2023-11-23 09:59:15,864 file.ManagerServant INFO Master manager not found
2023-11-23 09:59:25,914 file.ManagerServant INFO Master manager not found
2023-11-23 09:59:35,967 file.ManagerServant INFO Master manager not found
2023-11-23 09:59:46,014 file.ManagerServant INFO Master manager not found
2023-11-23 09:59:56,063 file.ManagerServant INFO Master manager not found
2023-11-23 10:00:06,111 file.ManagerServant INFO Master manager not found
2023-11-23 10:00:16,156 file.ManagerServant INFO Master manager not found
2023-11-23 10:00:26,206 file.ManagerServant INFO Master manager not found
2023-11-23 10:00:36,256 file.ManagerServant INFO Master manager not found
2023-11-23 10:00:46,305 file.ManagerServant INFO Master manager not found
2023-11-23 10:00:56,356 file.ManagerServant INFO Master manager not found
2023-11-23 10:01:06,405 file.ManagerServant INFO Master manager not found
2023-11-23 10:01:16,453 file.ManagerServant INFO Master manager not found
2023-11-23 10:01:26,507 file.ManagerServant INFO Master manager not found
2023-11-23 10:01:36,550 file.ManagerServant INFO Master manager not found
2023-11-23 10:01:46,599 file.ManagerServant INFO Master manager not found
2023-11-23 10:01:56,647 file.ManagerServant INFO Master manager not found
2023-11-23 10:02:06,691 file.ManagerServant INFO Master manager not found
2023-11-23 10:02:16,738 file.ManagerServant INFO Master manager not found
2023-11-23 10:02:26,784 file.ManagerServant INFO Master manager not found
2023-11-23 10:02:36,836 file.ManagerServant INFO Master manager not found
2023-11-23 10:02:46,879 file.ManagerServant INFO Master manager not found
2023-11-23 10:02:56,929 file.ManagerServant INFO Master manager not found
2023-11-23 10:03:06,980 file.ManagerServant INFO Master manager not found
2023-11-23 10:03:17,032 file.ManagerServant INFO Master manager not found
2023-11-23 10:03:27,081 file.ManagerServant INFO Master manager not found
2023-11-23 10:03:37,121 file.ManagerServant INFO Master manager not found
2023-11-23 10:03:47,165 file.ManagerServant INFO Master manager not found
2023-11-23 10:03:57,203 file.ManagerServant INFO Master manager not found
2023-11-23 10:04:07,251 file.ManagerServant INFO Master manager not found
2023-11-23 10:04:17,289 file.ManagerServant INFO Master manager not found
2023-11-23 10:04:27,335 file.ManagerServant INFO Master manager not found
2023-11-23 10:04:37,376 file.ManagerServant INFO Master manager not found
2023-11-23 10:04:47,428 file.ManagerServant INFO Master manager not found
2023-11-23 10:04:57,476 file.ManagerServant INFO Master manager not found
2023-11-23 10:05:07,521 file.ManagerServant INFO Master manager not found
2023-11-23 10:05:17,570 file.ManagerServant INFO Master manager not found
2023-11-23 10:05:27,619 file.ManagerServant INFO Master manager not found
2023-11-23 10:05:37,668 file.ManagerServant INFO Master manager not found
2023-11-23 10:05:47,717 file.ManagerServant INFO Master manager not found
2023-11-23 10:05:57,763 file.ManagerServant INFO Master manager not found
2023-11-23 10:06:07,808 file.ManagerServant INFO Master manager not found
2023-11-23 10:06:17,857 file.ManagerServant INFO Master manager not found
2023-11-23 10:06:27,907 file.ManagerServant INFO Master manager not found
2023-11-23 10:06:37,954 file.ManagerServant INFO Master manager not found
2023-11-23 10:06:48,006 file.ManagerServant INFO Master manager not found
2023-11-23 10:06:58,056 file.ManagerServant INFO Master manager not found
2023-11-23 10:07:08,106 file.ManagerServant INFO Master manager not found
2023-11-23 10:07:18,154 file.ManagerServant INFO Master manager not found
2023-11-23 10:07:28,205 file.ManagerServant INFO Master manager not found
2023-11-23 10:07:38,256 file.ManagerServant INFO Master manager not found
2023-11-23 10:07:48,307 file.ManagerServant INFO Master manager not found
2023-11-23 10:07:58,360 file.ManagerServant INFO Master manager not found
2023-11-23 10:08:08,410 file.ManagerServant INFO Master manager not found
2023-11-23 10:08:18,456 file.ManagerServant INFO Master manager not found
2023-11-23 10:08:28,509 file.ManagerServant INFO Master manager not found
2023-11-23 10:08:38,556 file.ManagerServant INFO Master manager not found
2023-11-23 10:08:48,605 file.ManagerServant INFO Master manager not found
2023-11-23 10:08:58,651 file.ManagerServant INFO Master manager not found
2023-11-23 10:09:08,699 file.ManagerServant INFO Master manager not found
2023-11-23 10:09:18,745 file.ManagerServant INFO Master manager not found
2023-11-23 10:09:28,791 file.ManagerServant INFO Master manager not found
2023-11-23 10:09:38,835 file.ManagerServant INFO Master manager not found
2023-11-23 10:09:48,882 file.ManagerServant INFO Master manager not found
2023-11-23 10:09:58,929 file.ManagerServant INFO Master manager not found
2023-11-23 10:10:08,979 file.ManagerServant INFO Master manager not found
2023-11-23 10:10:19,027 file.ManagerServant INFO Master manager not found
2023-11-23 10:10:29,076 file.ManagerServant INFO Master manager not found
2023-11-23 10:10:39,126 file.ManagerServant INFO Master manager not found
2023-11-23 10:10:49,176 file.ManagerServant INFO Master manager not found
2023-11-23 10:10:59,223 file.ManagerServant INFO Master manager not found
2023-11-23 10:11:09,277 file.ManagerServant INFO Master manager not found
2023-11-23 10:11:19,325 file.ManagerServant INFO Master manager not found
2023-11-23 10:11:29,375 file.ManagerServant INFO Master manager not found
2023-11-23 10:11:39,424 file.ManagerServant INFO Master manager not found
2023-11-23 10:11:49,476 file.ManagerServant INFO Master manager not found
2023-11-23 10:11:59,523 file.ManagerServant INFO Master manager not found
2023-11-23 10:12:09,573 file.ManagerServant INFO Master manager not found
2023-11-23 10:12:19,620 file.ManagerServant INFO Master manager not found
2023-11-23 10:12:29,671 file.ManagerServant INFO Master manager not found
2023-11-23 10:12:39,719 file.ManagerServant INFO Master manager not found
2023-11-23 10:12:49,769 file.ManagerServant INFO Master manager not found
2023-11-23 10:12:59,815 file.ManagerServant INFO Master manager not found
2023-11-23 10:13:09,870 file.ManagerServant INFO Master manager not found
2023-11-23 10:13:19,929 file.ManagerServant INFO Master manager not found
2023-11-23 10:13:29,983 file.ManagerServant INFO Master manager not found
2023-11-23 10:13:40,033 file.ManagerServant INFO Master manager not found
2023-11-23 10:13:50,082 file.ManagerServant INFO Master manager not found
2023-11-23 10:14:00,129 file.ManagerServant INFO Master manager not found
2023-11-23 10:14:10,176 file.ManagerServant INFO Master manager not found
2023-11-23 10:14:20,223 file.ManagerServant INFO Master manager not found
2023-11-23 10:14:30,276 file.ManagerServant INFO Master manager not found
2023-11-23 10:14:40,324 file.ManagerServant INFO Master manager not found
2023-11-23 10:14:50,372 file.ManagerServant INFO Master manager not found
2023-11-23 10:15:00,419 file.ManagerServant INFO Master manager not found
2023-11-23 10:15:10,470 file.ManagerServant INFO Master manager not found
2023-11-23 10:15:20,519 file.ManagerServant INFO Master manager not found
2023-11-23 10:15:30,568 file.ManagerServant INFO Master manager not found
2023-11-23 10:15:40,613 file.ManagerServant INFO Master manager not found
2023-11-23 10:15:50,659 file.ManagerServant INFO Master manager not found
2023-11-23 10:16:00,707 file.ManagerServant INFO Master manager not found
2023-11-23 10:16:10,756 file.ManagerServant INFO Master manager not found
2023-11-23 10:16:20,807 file.ManagerServant INFO Master manager not found
2023-11-23 10:16:30,865 file.ManagerServant INFO Master manager not found
2023-11-23 10:16:40,919 file.ManagerServant INFO Master manager not found
2023-11-23 10:16:50,969 file.ManagerServant INFO Master manager not found
2023-11-23 10:17:01,020 file.ManagerServant INFO Master manager not found
2023-11-23 10:17:11,068 file.ManagerServant INFO Master manager not found
2023-11-23 10:17:21,118 file.ManagerServant INFO Master manager not found
2023-11-23 10:17:31,166 file.ManagerServant INFO Master manager not found
2023-11-23 10:17:41,217 file.ManagerServant INFO Master manager not found
2023-11-23 10:17:51,264 file.ManagerServant INFO Master manager not found
2023-11-23 10:18:01,314 file.ManagerServant INFO Master manager not found
2023-11-23 10:18:11,363 file.ManagerServant INFO Master manager not found
2023-11-23 10:18:21,412 file.ManagerServant INFO Master manager not found
2023-11-23 10:18:31,461 file.ManagerServant INFO Master manager not found
2023-11-23 10:18:41,507 file.ManagerServant INFO Master manager not found
2023-11-23 10:18:51,556 file.ManagerServant INFO Master manager not found
2023-11-23 10:19:01,601 file.ManagerServant INFO Master manager not found
2023-11-23 10:19:11,640 file.ManagerServant INFO Master manager not found
2023-11-23 10:19:21,680 file.ManagerServant INFO Master manager not found
2023-11-23 10:19:31,728 file.ManagerServant INFO Master manager not found
2023-11-23 10:19:41,776 file.ManagerServant INFO Master manager not found
2023-11-23 10:19:51,822 file.ManagerServant INFO Master manager not found
2023-11-23 10:20:01,869 file.ManagerServant INFO Master manager not found
2023-11-23 10:20:11,920 file.ManagerServant INFO Master manager not found
2023-11-23 10:20:21,969 file.ManagerServant INFO Master manager not found
2023-11-23 10:20:32,017 file.ManagerServant INFO Master manager not found
2023-11-23 10:20:42,072 file.ManagerServant INFO Master manager not found
2023-11-23 10:20:52,112 file.ManagerServant INFO Master manager not found
2023-11-23 10:20:53,534 file.SdoServiceAdmin WARNING No available SDO service in the factory: 
2023-11-23 10:20:53,534 file.SdoServiceAdmin ERROR type  not exists.
2023-11-23 10:21:02,151 file.ManagerServant INFO Master manager not found
2023-11-23 10:21:09,088 file.ec_base WARNING The component is not responding.
2023-11-23 10:21:09,088 file.ec_base ERROR Unknown error: Invalid state transition.
2023-11-23 10:21:12,191 file.ManagerServant INFO Master manager not found
2023-11-23 10:21:22,228 file.ManagerServant INFO Master manager not found
2023-11-23 10:21:32,271 file.ManagerServant INFO Master manager not found
2023-11-23 10:21:42,312 file.ManagerServant INFO Master manager not found
2023-11-23 10:21:52,357 file.ManagerServant INFO Master manager not found
2023-11-23 10:22:02,408 file.ManagerServant INFO Master manager not found
2023-11-23 10:22:12,460 file.ManagerServant INFO Master manager not found
2023-11-23 10:22:22,504 file.ManagerServant INFO Master manager not found
2023-11-23 10:22:32,550 file.ManagerServant INFO Master manager not found
2023-11-23 10:22:42,596 file.ManagerServant INFO Master manager not found
2023-11-23 10:22:52,647 file.ManagerServant INFO Master manager not found
2023-11-23 10:23:02,697 file.ManagerServant INFO Master manager not found
2023-11-23 10:23:12,749 file.ManagerServant INFO Master manager not found
2023-11-23 10:23:22,798 file.ManagerServant INFO Master manager not found
2023-11-23 10:23:32,852 file.ManagerServant INFO Master manager not found
2023-11-23 10:23:42,902 file.ManagerServant INFO Master manager not found
2023-11-23 10:23:52,953 file.ManagerServant INFO Master manager not found
2023-11-23 10:24:03,004 file.ManagerServant INFO Master manager not found
2023-11-23 10:24:13,055 file.ManagerServant INFO Master manager not found
2023-11-23 10:24:23,102 file.ManagerServant INFO Master manager not found
2023-11-23 10:24:33,152 file.ManagerServant INFO Master manager not found
2023-11-23 10:24:43,203 file.ManagerServant INFO Master manager not found
2023-11-23 10:24:53,254 file.ManagerServant INFO Master manager not found
2023-11-23 10:25:03,299 file.ManagerServant INFO Master manager not found
2023-11-23 10:25:13,349 file.ManagerServant INFO Master manager not found
2023-11-23 10:25:23,397 file.ManagerServant INFO Master manager not found
2023-11-23 10:25:33,448 file.ManagerServant INFO Master manager not found
2023-11-23 10:25:43,498 file.ManagerServant INFO Master manager not found
2023-11-23 10:25:53,547 file.ManagerServant INFO Master manager not found
2023-11-23 10:26:03,597 file.ManagerServant INFO Master manager not found
2023-11-23 10:26:13,647 file.ManagerServant INFO Master manager not found
2023-11-23 10:26:23,696 file.ManagerServant INFO Master manager not found
2023-11-23 10:26:33,747 file.ManagerServant INFO Master manager not found
2023-11-23 10:26:43,801 file.ManagerServant INFO Master manager not found
2023-11-23 10:26:53,848 file.ManagerServant INFO Master manager not found
2023-11-23 10:27:03,891 file.ManagerServant INFO Master manager not found
2023-11-23 10:27:13,939 file.ManagerServant INFO Master manager not found
2023-11-23 10:27:23,987 file.ManagerServant INFO Master manager not found
2023-11-23 10:27:34,036 file.ManagerServant INFO Master manager not found
2023-11-23 10:27:44,085 file.ManagerServant INFO Master manager not found
2023-11-23 10:27:54,137 file.ManagerServant INFO Master manager not found
2023-11-23 10:28:04,187 file.ManagerServant INFO Master manager not found
2023-11-23 10:28:14,237 file.ManagerServant INFO Master manager not found
2023-11-23 10:28:24,286 file.ManagerServant INFO Master manager not found
2023-11-23 10:28:34,338 file.ManagerServant INFO Master manager not found
2023-11-23 10:28:44,386 file.ManagerServant INFO Master manager not found
2023-11-23 10:28:54,437 file.ManagerServant INFO Master manager not found
2023-11-23 10:29:04,487 file.ManagerServant INFO Master manager not found
2023-11-23 10:29:14,538 file.ManagerServant INFO Master manager not found
2023-11-23 10:29:24,587 file.ManagerServant INFO Master manager not found
2023-11-23 10:29:34,636 file.ManagerServant INFO Master manager not found
2023-11-23 10:29:44,682 file.ManagerServant INFO Master manager not found
2023-11-23 10:29:54,733 file.ManagerServant INFO Master manager not found
2023-11-23 10:30:04,788 file.ManagerServant INFO Master manager not found
2023-11-23 10:30:14,840 file.ManagerServant INFO Master manager not found
2023-11-23 10:30:24,888 file.ManagerServant INFO Master manager not found
2023-11-23 10:30:34,940 file.ManagerServant INFO Master manager not found
2023-11-23 10:30:44,990 file.ManagerServant INFO Master manager not found
2023-11-23 10:30:55,042 file.ManagerServant INFO Master manager not found
2023-11-23 10:31:05,090 file.ManagerServant INFO Master manager not found
2023-11-23 10:31:15,140 file.ManagerServant INFO Master manager not found
2023-11-23 10:31:25,192 file.ManagerServant INFO Master manager not found
2023-11-23 10:31:35,244 file.ManagerServant INFO Master manager not found
2023-11-23 10:31:45,290 file.ManagerServant INFO Master manager not found
2023-11-23 10:31:55,340 file.ManagerServant INFO Master manager not found
2023-11-23 10:32:05,387 file.ManagerServant INFO Master manager not found
2023-11-23 10:32:15,439 file.ManagerServant INFO Master manager not found
2023-11-23 10:32:25,489 file.ManagerServant INFO Master manager not found
2023-11-23 10:32:35,537 file.ManagerServant INFO Master manager not found
2023-11-23 10:32:45,584 file.ManagerServant INFO Master manager not found
2023-11-23 10:32:55,636 file.ManagerServant INFO Master manager not found
2023-11-23 10:33:05,683 file.ManagerServant INFO Master manager not found
2023-11-23 10:33:15,739 file.ManagerServant INFO Master manager not found
2023-11-23 10:33:25,787 file.ManagerServant INFO Master manager not found
2023-11-23 10:33:35,855 file.ManagerServant INFO Master manager not found
2023-11-23 10:33:45,902 file.ManagerServant INFO Master manager not found
2023-11-23 10:33:55,951 file.ManagerServant INFO Master manager not found
2023-11-23 10:34:06,001 file.ManagerServant INFO Master manager not found
2023-11-23 10:34:16,052 file.ManagerServant INFO Master manager not found
2023-11-23 10:34:26,101 file.ManagerServant INFO Master manager not found
2023-11-23 10:34:36,152 file.ManagerServant INFO Master manager not found
2023-11-23 10:34:46,202 file.ManagerServant INFO Master manager not found
2023-11-23 10:34:56,253 file.ManagerServant INFO Master manager not found
2023-11-23 10:35:06,303 file.ManagerServant INFO Master manager not found
2023-11-23 10:35:16,354 file.ManagerServant INFO Master manager not found
2023-11-23 10:35:26,401 file.ManagerServant INFO Master manager not found
2023-11-23 10:35:36,452 file.ManagerServant INFO Master manager not found
2023-11-23 10:35:46,507 file.ManagerServant INFO Master manager not found
2023-11-23 10:35:56,558 file.ManagerServant INFO Master manager not found
2023-11-23 10:36:06,607 file.ManagerServant INFO Master manager not found
2023-11-23 10:36:16,656 file.ManagerServant INFO Master manager not found
2023-11-23 10:36:26,707 file.ManagerServant INFO Master manager not found
2023-11-23 10:36:36,759 file.ManagerServant INFO Master manager not found
2023-11-23 10:36:46,804 file.ManagerServant INFO Master manager not found
2023-11-23 10:36:56,854 file.ManagerServant INFO Master manager not found
2023-11-23 10:37:06,905 file.ManagerServant INFO Master manager not found
2023-11-23 10:37:16,955 file.ManagerServant INFO Master manager not found
2023-11-23 10:37:27,005 file.ManagerServant INFO Master manager not found
2023-11-23 10:37:37,055 file.ManagerServant INFO Master manager not found
2023-11-23 10:37:47,108 file.ManagerServant INFO Master manager not found
2023-11-23 10:37:57,159 file.ManagerServant INFO Master manager not found
2023-11-23 10:38:07,208 file.ManagerServant INFO Master manager not found
2023-11-23 10:38:17,258 file.ManagerServant INFO Master manager not found
2023-11-23 10:38:27,309 file.ManagerServant INFO Master manager not found
2023-11-23 10:38:37,362 file.ManagerServant INFO Master manager not found
2023-11-23 10:38:47,409 file.ManagerServant INFO Master manager not found
2023-11-23 10:38:57,458 file.ManagerServant INFO Master manager not found
2023-11-23 10:39:07,512 file.ManagerServant INFO Master manager not found
2023-11-23 10:39:17,558 file.ManagerServant INFO Master manager not found
2023-11-23 10:39:27,609 file.ManagerServant INFO Master manager not found
2023-11-23 10:39:37,656 file.ManagerServant INFO Master manager not found
2023-11-23 10:39:47,706 file.ManagerServant INFO Master manager not found
2023-11-23 10:39:57,758 file.ManagerServant INFO Master manager not found
2023-11-23 10:40:07,805 file.ManagerServant INFO Master manager not found
2023-11-23 10:40:17,856 file.ManagerServant INFO Master manager not found
2023-11-23 10:40:27,905 file.ManagerServant INFO Master manager not found
2023-11-23 10:40:37,953 file.ManagerServant INFO Master manager not found
2023-11-23 10:40:48,002 file.ManagerServant INFO Master manager not found
2023-11-23 10:40:58,054 file.ManagerServant INFO Master manager not found
2023-11-23 10:41:08,103 file.ManagerServant INFO Master manager not found
2023-11-23 10:41:18,156 file.ManagerServant INFO Master manager not found
2023-11-23 10:41:28,205 file.ManagerServant INFO Master manager not found
2023-11-23 10:41:38,255 file.ManagerServant INFO Master manager not found
2023-11-23 10:41:48,305 file.ManagerServant INFO Master manager not found
2023-11-23 10:41:58,356 file.ManagerServant INFO Master manager not found
2023-11-23 10:42:08,406 file.ManagerServant INFO Master manager not found
2023-11-23 10:42:18,460 file.ManagerServant INFO Master manager not found
2023-11-23 10:42:28,509 file.ManagerServant INFO Master manager not found
2023-11-23 10:42:38,561 file.ManagerServant INFO Master manager not found
2023-11-23 10:42:48,607 file.ManagerServant INFO Master manager not found
2023-11-23 10:42:58,658 file.ManagerServant INFO Master manager not found
2023-11-23 10:43:08,709 file.ManagerServant INFO Master manager not found
2023-11-23 10:43:18,762 file.ManagerServant INFO Master manager not found
2023-11-23 10:43:28,813 file.ManagerServant INFO Master manager not found
2023-11-23 10:43:38,864 file.ManagerServant INFO Master manager not found
2023-11-23 10:43:48,915 file.ManagerServant INFO Master manager not found
2023-11-23 10:43:58,967 file.ManagerServant INFO Master manager not found
2023-11-23 10:44:09,015 file.ManagerServant INFO Master manager not found
2023-11-23 10:44:19,067 file.ManagerServant INFO Master manager not found
2023-11-23 10:44:29,120 file.ManagerServant INFO Master manager not found
2023-11-23 10:44:39,172 file.ManagerServant INFO Master manager not found
2023-11-23 10:44:49,219 file.ManagerServant INFO Master manager not found
2023-11-23 10:44:59,270 file.ManagerServant INFO Master manager not found
2023-11-23 10:45:09,319 file.ManagerServant INFO Master manager not found
2023-11-23 10:45:19,370 file.ManagerServant INFO Master manager not found
2023-11-23 10:45:29,420 file.ManagerServant INFO Master manager not found
2023-11-23 10:45:39,474 file.ManagerServant INFO Master manager not found
2023-11-23 10:45:49,524 file.ManagerServant INFO Master manager not found
2023-11-23 10:45:59,576 file.ManagerServant INFO Master manager not found
2023-11-23 10:46:09,626 file.ManagerServant INFO Master manager not found
2023-11-23 10:46:19,678 file.ManagerServant INFO Master manager not found
2023-11-23 10:46:29,728 file.ManagerServant INFO Master manager not found
2023-11-23 10:46:39,781 file.ManagerServant INFO Master manager not found
2023-11-23 10:46:49,832 file.ManagerServant INFO Master manager not found
2023-11-23 10:46:59,884 file.ManagerServant INFO Master manager not found
2023-11-23 10:48:29,696 file.ManagerServant INFO Master manager not found
2023-11-23 10:48:39,737 file.ManagerServant INFO Master manager not found
2023-11-23 10:48:49,784 file.ManagerServant INFO Master manager not found
2023-11-23 10:48:59,830 file.ManagerServant INFO Master manager not found
2023-11-23 10:49:09,882 file.ManagerServant INFO Master manager not found
2023-11-23 10:49:19,935 file.ManagerServant INFO Master manager not found
2023-11-23 10:49:29,985 file.ManagerServant INFO Master manager not found
2023-11-23 10:49:40,034 file.ManagerServant INFO Master manager not found
2023-11-23 10:49:50,085 file.ManagerServant INFO Master manager not found
2023-11-23 10:50:00,138 file.ManagerServant INFO Master manager not found
2023-11-23 10:50:10,186 file.ManagerServant INFO Master manager not found
2023-11-23 10:50:20,242 file.ManagerServant INFO Master manager not found
2023-11-23 10:50:30,292 file.ManagerServant INFO Master manager not found
2023-11-23 10:50:40,343 file.ManagerServant INFO Master manager not found
2023-11-23 10:50:50,422 file.ManagerServant INFO Master manager not found
2023-11-23 10:51:00,472 file.ManagerServant INFO Master manager not found
2023-11-23 10:51:10,522 file.ManagerServant INFO Master manager not found
