2023-09-27 13:58:45,031 file.manager INFO 2.0.1
2023-09-27 13:58:45,036 file.manager INFO Copyright (C) 2003-2022, Noriaki Ando and OpenRTM development team,
2023-09-27 13:58:45,036 file.manager INFO   Intelligent Systems Research Institute, AIST,
2023-09-27 13:58:45,036 file.manager INFO Copyright (C) 2022, Noriaki Ando and OpenRTM development team,
2023-09-27 13:58:45,036 file.manager INFO   Industrial Cyber-Physical Research Center, AIST,
2023-09-27 13:58:45,037 file.manager INFO   All right reserved.
2023-09-27 13:58:45,037 file.manager INFO Manager starting.
2023-09-27 13:58:45,037 file.manager INFO Starting local logging.
2023-09-27 13:58:45,039 file.manager.namingmanager INFO NameServer connection succeeded: corba/localhost
2023-09-27 13:58:45,044 file.ManagerServant INFO Master manager not found
2023-09-27 13:58:45,045 file.LocalServiceAdmin INFO All the local services are enabled.
2023-09-27 13:58:45,048 file.manager INFO Component type conf file: speak.conf loaded.
2023-09-27 13:58:45,049 file.ec_base INFO setRate(1000000.000000) done
2023-09-27 13:58:45,049 file.ec_base INFO setRate(1000.000000) done
2023-09-27 13:58:45,050 file.rtobject INFO 1 execution context was created.
2023-09-27 13:58:45,052 file.rtobject INFO Initial active configuration set is default.
2023-09-27 13:58:52,593 file.ec_base WARNING The component is not responding.
2023-09-27 13:58:52,593 file.ec_base ERROR Unknown error: Invalid state transition.
2023-09-27 13:58:55,095 file.ManagerServant INFO Master manager not found
2023-09-27 13:59:05,133 file.ManagerServant INFO Master manager not found
2023-09-27 13:59:15,171 file.ManagerServant INFO Master manager not found
2023-09-27 13:59:25,218 file.ManagerServant INFO Master manager not found
2023-09-27 13:59:35,256 file.ManagerServant INFO Master manager not found
2023-09-27 13:59:45,294 file.ManagerServant INFO Master manager not found
2023-09-27 13:59:55,333 file.ManagerServant INFO Master manager not found
2023-09-27 14:00:05,370 file.ManagerServant INFO Master manager not found
2023-09-27 14:00:15,408 file.ManagerServant INFO Master manager not found
