2023-09-27 13:55:48,696 file.manager INFO 2.0.1
2023-09-27 13:55:48,696 file.manager INFO Copyright (C) 2003-2022, Noriaki Ando and OpenRTM development team,
2023-09-27 13:55:48,696 file.manager INFO   Intelligent Systems Research Institute, AIST,
2023-09-27 13:55:48,696 file.manager INFO Copyright (C) 2022, Noriaki Ando and OpenRTM development team,
2023-09-27 13:55:48,696 file.manager INFO   Industrial Cyber-Physical Research Center, AIST,
2023-09-27 13:55:48,696 file.manager INFO   All right reserved.
2023-09-27 13:55:48,696 file.manager INFO Manager starting.
2023-09-27 13:55:48,696 file.manager INFO Starting local logging.
2023-09-27 13:55:48,699 file.manager.namingmanager INFO NameServer connection succeeded: corba/localhost
2023-09-27 13:55:48,708 file.ManagerServant INFO Master manager not found
2023-09-27 13:55:48,709 file.LocalServiceAdmin INFO All the local services are enabled.
2023-09-27 13:55:48,781 file.manager INFO Component type conf file: speak.conf loaded.
2023-09-27 13:55:48,783 file.ec_base INFO setRate(1000000.000000) done
2023-09-27 13:55:48,783 file.ec_base INFO setRate(1000.000000) done
2023-09-27 13:55:48,784 file.rtobject INFO 1 execution context was created.
2023-09-27 13:55:48,785 file.rtobject INFO Initial active configuration set is default.
2023-09-27 13:55:58,827 file.ManagerServant INFO Master manager not found
2023-09-27 13:56:08,868 file.ManagerServant INFO Master manager not found
2023-09-27 13:56:18,903 file.manager.namingmanager INFO Name server: localhost (corba) disappeared.
2023-09-27 13:56:18,908 file.ManagerServant INFO Master manager not found
