2023-09-27 14:58:21,028 file.manager INFO 2.0.1
2023-09-27 14:58:21,029 file.manager INFO Copyright (C) 2003-2022, Noriaki Ando and OpenRTM development team,
2023-09-27 14:58:21,029 file.manager INFO   Intelligent Systems Research Institute, AIST,
2023-09-27 14:58:21,029 file.manager INFO Copyright (C) 2022, Noriaki Ando and OpenRTM development team,
2023-09-27 14:58:21,029 file.manager INFO   Industrial Cyber-Physical Research Center, AIST,
2023-09-27 14:58:21,029 file.manager INFO   All right reserved.
2023-09-27 14:58:21,029 file.manager INFO Manager starting.
2023-09-27 14:58:21,029 file.manager INFO Starting local logging.
2023-09-27 14:58:21,030 file.manager.namingmanager INFO NameServer connection succeeded: corba/localhost
2023-09-27 14:58:21,039 file.ManagerServant INFO Master manager not found
2023-09-27 14:58:21,040 file.LocalServiceAdmin INFO All the local services are enabled.
2023-09-27 14:58:21,044 file.manager INFO Component type conf file: speak.conf loaded.
2023-09-27 14:58:21,045 file.ec_base INFO setRate(1000000.000000) done
2023-09-27 14:58:21,045 file.ec_base INFO setRate(1000.000000) done
2023-09-27 14:58:21,046 file.rtobject INFO 1 execution context was created.
2023-09-27 14:58:21,047 file.rtobject INFO Initial active configuration set is default.
2023-09-27 14:58:31,086 file.ManagerServant INFO Master manager not found
2023-09-27 14:58:41,130 file.ManagerServant INFO Master manager not found
2023-09-27 14:58:51,170 file.ManagerServant INFO Master manager not found
2023-09-27 14:59:01,209 file.ManagerServant INFO Master manager not found
2023-09-27 14:59:11,246 file.ManagerServant INFO Master manager not found
2023-09-27 14:59:21,291 file.ManagerServant INFO Master manager not found
2023-09-27 14:59:31,329 file.ManagerServant INFO Master manager not found
