2023-09-27 15:21:12,693 file.manager INFO 2.0.1
2023-09-27 15:21:12,693 file.manager INFO Copyright (C) 2003-2022, Noriaki Ando and OpenRTM development team,
2023-09-27 15:21:12,693 file.manager INFO   Intelligent Systems Research Institute, AIST,
2023-09-27 15:21:12,693 file.manager INFO Copyright (C) 2022, Noriaki Ando and OpenRTM development team,
2023-09-27 15:21:12,693 file.manager INFO   Industrial Cyber-Physical Research Center, AIST,
2023-09-27 15:21:12,693 file.manager INFO   All right reserved.
2023-09-27 15:21:12,694 file.manager INFO Manager starting.
2023-09-27 15:21:12,694 file.manager INFO Starting local logging.
2023-09-27 15:21:12,695 file.manager.namingmanager INFO NameServer connection succeeded: corba/localhost
2023-09-27 15:21:12,701 file.ManagerServant INFO Master manager not found
2023-09-27 15:21:12,702 file.LocalServiceAdmin INFO All the local services are enabled.
2023-09-27 15:21:12,705 file.manager INFO Component type conf file: speak.conf loaded.
2023-09-27 15:21:12,706 file.ec_base INFO setRate(1000000.000000) done
2023-09-27 15:21:12,707 file.ec_base INFO setRate(1000.000000) done
2023-09-27 15:21:12,707 file.rtobject INFO 1 execution context was created.
2023-09-27 15:21:12,708 file.rtobject INFO Initial active configuration set is default.
2023-09-27 15:21:22,752 file.ManagerServant INFO Master manager not found
2023-09-27 15:21:27,238 file.ec_base WARNING The component is not responding.
2023-09-27 15:21:27,239 file.ec_base ERROR Unknown error: Invalid state transition.
2023-09-27 15:21:32,792 file.ManagerServant INFO Master manager not found
