2023-09-27 15:35:20,916 file.manager INFO 2.0.1
2023-09-27 15:35:20,916 file.manager INFO Copyright (C) 2003-2022, Noriaki Ando and OpenRTM development team,
2023-09-27 15:35:20,916 file.manager INFO   Intelligent Systems Research Institute, AIST,
2023-09-27 15:35:20,916 file.manager INFO Copyright (C) 2022, Noriaki Ando and OpenRTM development team,
2023-09-27 15:35:20,916 file.manager INFO   Industrial Cyber-Physical Research Center, AIST,
2023-09-27 15:35:20,916 file.manager INFO   All right reserved.
2023-09-27 15:35:20,916 file.manager INFO Manager starting.
2023-09-27 15:35:20,916 file.manager INFO Starting local logging.
2023-09-27 15:35:20,918 file.manager.namingmanager INFO NameServer connection succeeded: corba/localhost
2023-09-27 15:35:20,924 file.ManagerServant INFO Master manager not found
2023-09-27 15:35:20,925 file.LocalServiceAdmin INFO All the local services are enabled.
2023-09-27 15:35:20,928 file.manager INFO Component type conf file: speak.conf loaded.
2023-09-27 15:35:20,929 file.ec_base INFO setRate(1000000.000000) done
2023-09-27 15:35:20,929 file.ec_base INFO setRate(1000.000000) done
2023-09-27 15:35:20,930 file.rtobject INFO 1 execution context was created.
2023-09-27 15:35:20,931 file.rtobject INFO Initial active configuration set is default.
2023-09-27 15:35:30,976 file.ManagerServant INFO Master manager not found
2023-09-27 15:35:41,018 file.ManagerServant INFO Master manager not found
2023-09-27 15:35:51,055 file.ManagerServant INFO Master manager not found
2023-09-27 15:36:01,093 file.ManagerServant INFO Master manager not found
2023-09-27 15:36:11,132 file.ManagerServant INFO Master manager not found
