2023-09-27 15:04:11,257 file.manager INFO 2.0.1
2023-09-27 15:04:11,257 file.manager INFO Copyright (C) 2003-2022, Noriaki Ando and OpenRTM development team,
2023-09-27 15:04:11,257 file.manager INFO   Intelligent Systems Research Institute, AIST,
2023-09-27 15:04:11,257 file.manager INFO Copyright (C) 2022, Noriaki Ando and OpenRTM development team,
2023-09-27 15:04:11,257 file.manager INFO   Industrial Cyber-Physical Research Center, AIST,
2023-09-27 15:04:11,257 file.manager INFO   All right reserved.
2023-09-27 15:04:11,257 file.manager INFO Manager starting.
2023-09-27 15:04:11,257 file.manager INFO Starting local logging.
2023-09-27 15:04:11,259 file.manager.namingmanager INFO NameServer connection succeeded: corba/localhost
2023-09-27 15:04:11,265 file.ManagerServant INFO Master manager not found
2023-09-27 15:04:11,267 file.LocalServiceAdmin INFO All the local services are enabled.
2023-09-27 15:04:11,271 file.manager INFO Component type conf file: speak.conf loaded.
2023-09-27 15:04:11,272 file.ec_base INFO setRate(1000000.000000) done
2023-09-27 15:04:11,273 file.ec_base INFO setRate(1000.000000) done
2023-09-27 15:04:11,273 file.rtobject INFO 1 execution context was created.
2023-09-27 15:04:11,274 file.rtobject INFO Initial active configuration set is default.
2023-09-27 15:04:21,323 file.ManagerServant INFO Master manager not found
2023-09-27 15:04:26,328 file.ec_base WARNING The component is not responding.
2023-09-27 15:04:26,329 file.ec_base ERROR Unknown error: Invalid state transition.
2023-09-27 15:04:31,365 file.ManagerServant INFO Master manager not found
2023-09-27 15:04:41,402 file.ManagerServant INFO Master manager not found
2023-09-27 15:04:51,445 file.ManagerServant INFO Master manager not found
2023-09-27 15:05:01,484 file.ManagerServant INFO Master manager not found
