2023-09-27 15:22:23,609 file.manager INFO 2.0.1
2023-09-27 15:22:23,609 file.manager INFO Copyright (C) 2003-2022, Noriaki Ando and OpenRTM development team,
2023-09-27 15:22:23,609 file.manager INFO   Intelligent Systems Research Institute, AIST,
2023-09-27 15:22:23,609 file.manager INFO Copyright (C) 2022, Noriaki Ando and OpenRTM development team,
2023-09-27 15:22:23,609 file.manager INFO   Industrial Cyber-Physical Research Center, AIST,
2023-09-27 15:22:23,609 file.manager INFO   All right reserved.
2023-09-27 15:22:23,609 file.manager INFO Manager starting.
2023-09-27 15:22:23,609 file.manager INFO Starting local logging.
2023-09-27 15:22:23,611 file.manager.namingmanager INFO NameServer connection succeeded: corba/localhost
2023-09-27 15:22:23,616 file.ManagerServant INFO Master manager not found
2023-09-27 15:22:23,617 file.LocalServiceAdmin INFO All the local services are enabled.
2023-09-27 15:22:23,622 file.manager INFO Component type conf file: speak.conf loaded.
2023-09-27 15:22:23,623 file.ec_base INFO setRate(1000000.000000) done
2023-09-27 15:22:23,623 file.ec_base INFO setRate(1000.000000) done
2023-09-27 15:22:23,624 file.rtobject INFO 1 execution context was created.
2023-09-27 15:22:23,625 file.rtobject INFO Initial active configuration set is default.
2023-09-27 15:22:33,665 file.ManagerServant INFO Master manager not found
2023-09-27 15:22:42,074 file.ec_base WARNING The component is not responding.
2023-09-27 15:22:42,074 file.ec_base ERROR Unknown error: Invalid state transition.
2023-09-27 15:22:43,702 file.ManagerServant INFO Master manager not found
2023-09-27 15:22:53,742 file.ManagerServant INFO Master manager not found
2023-09-27 15:23:03,781 file.ManagerServant INFO Master manager not found
2023-09-27 15:23:13,822 file.ManagerServant INFO Master manager not found
2023-09-27 15:23:23,857 file.ManagerServant INFO Master manager not found
2023-09-27 15:23:33,904 file.ManagerServant INFO Master manager not found
2023-09-27 15:23:43,941 file.ManagerServant INFO Master manager not found
2023-09-27 15:23:53,979 file.ManagerServant INFO Master manager not found
2023-09-27 15:24:04,021 file.ManagerServant INFO Master manager not found
2023-09-27 15:24:14,057 file.ManagerServant INFO Master manager not found
2023-09-27 15:24:24,094 file.ManagerServant INFO Master manager not found
2023-09-27 15:24:34,133 file.ManagerServant INFO Master manager not found
2023-09-27 15:24:44,170 file.ManagerServant INFO Master manager not found
2023-09-27 15:24:54,208 file.ManagerServant INFO Master manager not found
2023-09-27 15:25:04,245 file.ManagerServant INFO Master manager not found
2023-09-27 15:25:14,283 file.ManagerServant INFO Master manager not found
