2023-09-27 15:13:09,734 file.manager INFO 2.0.1
2023-09-27 15:13:09,734 file.manager INFO Copyright (C) 2003-2022, Noriaki Ando and OpenRTM development team,
2023-09-27 15:13:09,734 file.manager INFO   Intelligent Systems Research Institute, AIST,
2023-09-27 15:13:09,734 file.manager INFO Copyright (C) 2022, Noriaki Ando and OpenRTM development team,
2023-09-27 15:13:09,734 file.manager INFO   Industrial Cyber-Physical Research Center, AIST,
2023-09-27 15:13:09,734 file.manager INFO   All right reserved.
2023-09-27 15:13:09,734 file.manager INFO Manager starting.
2023-09-27 15:13:09,734 file.manager INFO Starting local logging.
2023-09-27 15:13:09,736 file.manager.namingmanager INFO NameServer connection succeeded: corba/localhost
2023-09-27 15:13:09,741 file.ManagerServant INFO Master manager not found
2023-09-27 15:13:09,742 file.LocalServiceAdmin INFO All the local services are enabled.
2023-09-27 15:13:09,745 file.manager INFO Component type conf file: speak.conf loaded.
2023-09-27 15:13:09,747 file.ec_base INFO setRate(1000000.000000) done
2023-09-27 15:13:09,747 file.ec_base INFO setRate(1000.000000) done
2023-09-27 15:13:09,747 file.rtobject INFO 1 execution context was created.
2023-09-27 15:13:09,748 file.rtobject INFO Initial active configuration set is default.
2023-09-27 15:13:19,790 file.ManagerServant INFO Master manager not found
2023-09-27 15:13:25,464 file.ec_base WARNING The component is not responding.
2023-09-27 15:13:25,464 file.ec_base ERROR Unknown error: Invalid state transition.
2023-09-27 15:13:29,826 file.ManagerServant INFO Master manager not found
2023-09-27 15:13:39,862 file.ManagerServant INFO Master manager not found
2023-09-27 15:13:49,897 file.ManagerServant INFO Master manager not found
2023-09-27 15:13:59,932 file.ManagerServant INFO Master manager not found
2023-09-27 15:14:09,978 file.ManagerServant INFO Master manager not found
2023-09-27 15:14:20,027 file.ManagerServant INFO Master manager not found
2023-09-27 15:14:30,074 file.ManagerServant INFO Master manager not found
2023-09-27 15:14:40,109 file.ManagerServant INFO Master manager not found
