2023-09-27 15:41:51,575 file.manager INFO 2.0.1
2023-09-27 15:41:51,575 file.manager INFO Copyright (C) 2003-2022, Noriaki Ando and OpenRTM development team,
2023-09-27 15:41:51,576 file.manager INFO   Intelligent Systems Research Institute, AIST,
2023-09-27 15:41:51,576 file.manager INFO Copyright (C) 2022, Noriaki Ando and OpenRTM development team,
2023-09-27 15:41:51,576 file.manager INFO   Industrial Cyber-Physical Research Center, AIST,
2023-09-27 15:41:51,576 file.manager INFO   All right reserved.
2023-09-27 15:41:51,576 file.manager INFO Manager starting.
2023-09-27 15:41:51,576 file.manager INFO Starting local logging.
2023-09-27 15:41:51,577 file.manager.namingmanager INFO NameServer connection succeeded: corba/localhost
2023-09-27 15:41:51,586 file.ManagerServant INFO Master manager not found
2023-09-27 15:41:51,587 file.LocalServiceAdmin INFO All the local services are enabled.
2023-09-27 15:41:51,590 file.manager INFO Component type conf file: speak.conf loaded.
2023-09-27 15:41:51,592 file.ec_base INFO setRate(1000000.000000) done
2023-09-27 15:41:51,592 file.ec_base INFO setRate(1000.000000) done
2023-09-27 15:41:51,592 file.rtobject INFO 1 execution context was created.
2023-09-27 15:41:51,593 file.rtobject INFO Initial active configuration set is default.
2023-09-27 15:42:00,928 file.SdoServiceAdmin WARNING No available SDO service in the factory: 
2023-09-27 15:42:00,928 file.SdoServiceAdmin ERROR type  not exists.
2023-09-27 15:42:01,634 file.ManagerServant INFO Master manager not found
2023-09-27 15:42:11,672 file.ManagerServant INFO Master manager not found
2023-09-27 15:42:21,715 file.ManagerServant INFO Master manager not found
2023-09-27 15:42:31,758 file.ManagerServant INFO Master manager not found
2023-09-27 15:42:41,799 file.ManagerServant INFO Master manager not found
2023-09-27 15:42:51,839 file.ManagerServant INFO Master manager not found
2023-09-27 15:43:01,883 file.ManagerServant INFO Master manager not found
2023-09-27 15:43:11,926 file.ManagerServant INFO Master manager not found
2023-09-27 15:43:21,964 file.ManagerServant INFO Master manager not found
2023-09-27 15:43:32,005 file.ManagerServant INFO Master manager not found
2023-09-27 15:43:42,050 file.ManagerServant INFO Master manager not found
2023-09-27 15:43:52,092 file.ManagerServant INFO Master manager not found
2023-09-27 15:44:02,130 file.ManagerServant INFO Master manager not found
2023-09-27 15:44:12,174 file.ManagerServant INFO Master manager not found
2023-09-27 15:44:22,213 file.ManagerServant INFO Master manager not found
2023-09-27 15:44:32,254 file.ManagerServant INFO Master manager not found
2023-09-27 15:44:42,293 file.ManagerServant INFO Master manager not found
2023-09-27 15:44:52,332 file.ManagerServant INFO Master manager not found
2023-09-27 15:45:02,372 file.ManagerServant INFO Master manager not found
2023-09-27 15:45:12,412 file.ManagerServant INFO Master manager not found
2023-09-27 15:45:22,450 file.ManagerServant INFO Master manager not found
2023-09-27 15:45:32,490 file.ManagerServant INFO Master manager not found
2023-09-27 15:45:42,531 file.ManagerServant INFO Master manager not found
2023-09-27 15:45:52,569 file.ManagerServant INFO Master manager not found
2023-09-27 15:46:02,608 file.ManagerServant INFO Master manager not found
2023-09-27 15:46:12,641 file.ManagerServant INFO Master manager not found
