2023-09-27 15:26:58,444 file.manager INFO 2.0.1
2023-09-27 15:26:58,444 file.manager INFO Copyright (C) 2003-2022, Noriaki Ando and OpenRTM development team,
2023-09-27 15:26:58,444 file.manager INFO   Intelligent Systems Research Institute, AIST,
2023-09-27 15:26:58,444 file.manager INFO Copyright (C) 2022, Noriaki Ando and OpenRTM development team,
2023-09-27 15:26:58,444 file.manager INFO   Industrial Cyber-Physical Research Center, AIST,
2023-09-27 15:26:58,445 file.manager INFO   All right reserved.
2023-09-27 15:26:58,445 file.manager INFO Manager starting.
2023-09-27 15:26:58,445 file.manager INFO Starting local logging.
2023-09-27 15:26:58,448 file.manager.namingmanager INFO NameServer connection succeeded: corba/localhost
2023-09-27 15:26:58,456 file.ManagerServant INFO Master manager not found
2023-09-27 15:26:58,457 file.LocalServiceAdmin INFO All the local services are enabled.
2023-09-27 15:26:58,460 file.manager INFO Component type conf file: speak.conf loaded.
2023-09-27 15:26:58,462 file.ec_base INFO setRate(1000000.000000) done
2023-09-27 15:26:58,462 file.ec_base INFO setRate(1000.000000) done
2023-09-27 15:26:58,462 file.rtobject INFO 1 execution context was created.
2023-09-27 15:26:58,465 file.rtobject INFO Initial active configuration set is default.
2023-09-27 15:27:08,507 file.ManagerServant INFO Master manager not found
2023-09-27 15:27:13,714 file.ec_base WARNING The component is not responding.
2023-09-27 15:27:13,714 file.ec_base ERROR Unknown error: Invalid state transition.
2023-09-27 15:27:18,547 file.ManagerServant INFO Master manager not found
2023-09-27 15:27:28,584 file.ManagerServant INFO Master manager not found
2023-09-27 15:27:38,624 file.ManagerServant INFO Master manager not found
2023-09-27 15:27:48,662 file.ManagerServant INFO Master manager not found
2023-09-27 15:27:58,704 file.ManagerServant INFO Master manager not found
2023-09-27 15:28:08,747 file.ManagerServant INFO Master manager not found
2023-09-27 15:28:18,788 file.ManagerServant INFO Master manager not found
2023-09-27 15:28:28,826 file.ManagerServant INFO Master manager not found
2023-09-27 15:28:38,868 file.ManagerServant INFO Master manager not found
2023-09-27 15:28:48,901 file.ManagerServant INFO Master manager not found
2023-09-27 15:28:58,940 file.ManagerServant INFO Master manager not found
2023-09-27 15:29:09,007 file.ManagerServant INFO Master manager not found
2023-09-27 15:29:19,053 file.ManagerServant INFO Master manager not found
2023-09-27 15:29:29,099 file.ManagerServant INFO Master manager not found
2023-09-27 15:29:39,137 file.ManagerServant INFO Master manager not found
2023-09-27 15:29:49,177 file.ManagerServant INFO Master manager not found
2023-09-27 15:29:59,223 file.ManagerServant INFO Master manager not found
2023-09-27 15:30:09,260 file.ManagerServant INFO Master manager not found
2023-09-27 15:30:19,299 file.ManagerServant INFO Master manager not found
2023-09-27 15:30:29,335 file.ManagerServant INFO Master manager not found
2023-09-27 15:30:39,371 file.ManagerServant INFO Master manager not found
2023-09-27 15:30:49,414 file.ManagerServant INFO Master manager not found
2023-09-27 15:30:59,450 file.ManagerServant INFO Master manager not found
2023-09-27 15:31:09,492 file.ManagerServant INFO Master manager not found
2023-09-27 15:31:19,531 file.ManagerServant INFO Master manager not found
2023-09-27 15:31:29,571 file.ManagerServant INFO Master manager not found
2023-09-27 15:31:39,614 file.ManagerServant INFO Master manager not found
2023-09-27 15:31:49,648 file.ManagerServant INFO Master manager not found
