2023-09-27 14:57:08,724 file.manager INFO 2.0.1
2023-09-27 14:57:08,724 file.manager INFO Copyright (C) 2003-2022, Noriaki Ando and OpenRTM development team,
2023-09-27 14:57:08,724 file.manager INFO   Intelligent Systems Research Institute, AIST,
2023-09-27 14:57:08,724 file.manager INFO Copyright (C) 2022, Noriaki Ando and OpenRTM development team,
2023-09-27 14:57:08,724 file.manager INFO   Industrial Cyber-Physical Research Center, AIST,
2023-09-27 14:57:08,724 file.manager INFO   All right reserved.
2023-09-27 14:57:08,724 file.manager INFO Manager starting.
2023-09-27 14:57:08,724 file.manager INFO Starting local logging.
2023-09-27 14:57:08,726 file.manager.namingmanager INFO NameServer connection succeeded: corba/localhost
2023-09-27 14:57:08,733 file.ManagerServant INFO Master manager not found
2023-09-27 14:57:08,735 file.LocalServiceAdmin INFO All the local services are enabled.
2023-09-27 14:57:08,740 file.manager INFO Component type conf file: speak.conf loaded.
2023-09-27 14:57:08,742 file.ec_base INFO setRate(1000000.000000) done
2023-09-27 14:57:08,742 file.ec_base INFO setRate(1000.000000) done
2023-09-27 14:57:08,742 file.rtobject INFO 1 execution context was created.
2023-09-27 14:57:08,743 file.rtobject INFO Initial active configuration set is default.
2023-09-27 14:57:18,784 file.ManagerServant INFO Master manager not found
2023-09-27 14:57:28,824 file.ManagerServant INFO Master manager not found
2023-09-27 14:57:38,866 file.ManagerServant INFO Master manager not found
2023-09-27 14:57:48,906 file.ManagerServant INFO Master manager not found
2023-09-27 14:57:58,946 file.ManagerServant INFO Master manager not found
