2023-09-27 15:14:54,729 file.manager INFO 2.0.1
2023-09-27 15:14:54,729 file.manager INFO Copyright (C) 2003-2022, Noriaki Ando and OpenRTM development team,
2023-09-27 15:14:54,729 file.manager INFO   Intelligent Systems Research Institute, AIST,
2023-09-27 15:14:54,729 file.manager INFO Copyright (C) 2022, Noriaki Ando and OpenRTM development team,
2023-09-27 15:14:54,729 file.manager INFO   Industrial Cyber-Physical Research Center, AIST,
2023-09-27 15:14:54,729 file.manager INFO   All right reserved.
2023-09-27 15:14:54,729 file.manager INFO Manager starting.
2023-09-27 15:14:54,730 file.manager INFO Starting local logging.
2023-09-27 15:14:54,731 file.manager.namingmanager INFO NameServer connection succeeded: corba/localhost
2023-09-27 15:14:54,737 file.ManagerServant INFO Master manager not found
2023-09-27 15:14:54,738 file.LocalServiceAdmin INFO All the local services are enabled.
2023-09-27 15:14:54,741 file.manager INFO Component type conf file: speak.conf loaded.
2023-09-27 15:14:54,742 file.ec_base INFO setRate(1000000.000000) done
2023-09-27 15:14:54,742 file.ec_base INFO setRate(1000.000000) done
2023-09-27 15:14:54,743 file.rtobject INFO 1 execution context was created.
2023-09-27 15:14:54,744 file.rtobject INFO Initial active configuration set is default.
2023-09-27 15:15:04,786 file.ManagerServant INFO Master manager not found
2023-09-27 15:15:08,555 file.ec_base WARNING The component is not responding.
2023-09-27 15:15:08,555 file.ec_base ERROR Unknown error: Invalid state transition.
2023-09-27 15:15:14,826 file.ManagerServant INFO Master manager not found
2023-09-27 15:15:24,861 file.ManagerServant INFO Master manager not found
2023-09-27 15:15:34,900 file.ManagerServant INFO Master manager not found
2023-09-27 15:15:44,938 file.ManagerServant INFO Master manager not found
2023-09-27 15:15:54,976 file.ManagerServant INFO Master manager not found
