2023-09-27 15:19:52,723 file.manager INFO 2.0.1
2023-09-27 15:19:52,723 file.manager INFO Copyright (C) 2003-2022, Noriaki Ando and OpenRTM development team,
2023-09-27 15:19:52,723 file.manager INFO   Intelligent Systems Research Institute, AIST,
2023-09-27 15:19:52,724 file.manager INFO Copyright (C) 2022, Noriaki Ando and OpenRTM development team,
2023-09-27 15:19:52,724 file.manager INFO   Industrial Cyber-Physical Research Center, AIST,
2023-09-27 15:19:52,724 file.manager INFO   All right reserved.
2023-09-27 15:19:52,724 file.manager INFO Manager starting.
2023-09-27 15:19:52,724 file.manager INFO Starting local logging.
2023-09-27 15:19:52,725 file.manager.namingmanager INFO NameServer connection succeeded: corba/localhost
2023-09-27 15:19:52,731 file.ManagerServant INFO Master manager not found
2023-09-27 15:19:52,732 file.LocalServiceAdmin INFO All the local services are enabled.
2023-09-27 15:19:52,735 file.manager INFO Component type conf file: speak.conf loaded.
2023-09-27 15:19:52,737 file.ec_base INFO setRate(1000000.000000) done
2023-09-27 15:19:52,737 file.ec_base INFO setRate(1000.000000) done
2023-09-27 15:19:52,738 file.rtobject INFO 1 execution context was created.
2023-09-27 15:19:52,739 file.rtobject INFO Initial active configuration set is default.
2023-09-27 15:20:02,780 file.ManagerServant INFO Master manager not found
2023-09-27 15:20:05,052 file.ec_base WARNING The component is not responding.
2023-09-27 15:20:05,053 file.ec_base ERROR Unknown error: Invalid state transition.
2023-09-27 15:20:12,820 file.ManagerServant INFO Master manager not found
2023-09-27 15:20:22,858 file.ManagerServant INFO Master manager not found
