2023-09-27 15:00:34,760 file.manager INFO 2.0.1
2023-09-27 15:00:34,761 file.manager INFO Copyright (C) 2003-2022, Noriaki Ando and OpenRTM development team,
2023-09-27 15:00:34,761 file.manager INFO   Intelligent Systems Research Institute, AIST,
2023-09-27 15:00:34,761 file.manager INFO Copyright (C) 2022, Noriaki Ando and OpenRTM development team,
2023-09-27 15:00:34,761 file.manager INFO   Industrial Cyber-Physical Research Center, AIST,
2023-09-27 15:00:34,761 file.manager INFO   All right reserved.
2023-09-27 15:00:34,761 file.manager INFO Manager starting.
2023-09-27 15:00:34,761 file.manager INFO Starting local logging.
2023-09-27 15:00:34,763 file.manager.namingmanager INFO NameServer connection succeeded: corba/localhost
2023-09-27 15:00:34,769 file.ManagerServant INFO Master manager not found
2023-09-27 15:00:34,770 file.LocalServiceAdmin INFO All the local services are enabled.
2023-09-27 15:00:34,774 file.manager INFO Component type conf file: speak.conf loaded.
2023-09-27 15:00:34,776 file.ec_base INFO setRate(1000000.000000) done
2023-09-27 15:00:34,776 file.ec_base INFO setRate(1000.000000) done
2023-09-27 15:00:34,777 file.rtobject INFO 1 execution context was created.
2023-09-27 15:00:34,778 file.rtobject INFO Initial active configuration set is default.
2023-09-27 15:00:44,819 file.ManagerServant INFO Master manager not found
2023-09-27 15:00:54,857 file.ManagerServant INFO Master manager not found
2023-09-27 15:00:55,822 file.ec_base WARNING The component is not responding.
2023-09-27 15:00:55,822 file.ec_base ERROR Unknown error: Invalid state transition.
2023-09-27 15:01:04,894 file.ManagerServant INFO Master manager not found
