2023-09-27 15:17:42,258 file.manager INFO 2.0.1
2023-09-27 15:17:42,258 file.manager INFO Copyright (C) 2003-2022, Noriaki Ando and OpenRTM development team,
2023-09-27 15:17:42,258 file.manager INFO   Intelligent Systems Research Institute, AIST,
2023-09-27 15:17:42,258 file.manager INFO Copyright (C) 2022, Noriaki Ando and OpenRTM development team,
2023-09-27 15:17:42,258 file.manager INFO   Industrial Cyber-Physical Research Center, AIST,
2023-09-27 15:17:42,259 file.manager INFO   All right reserved.
2023-09-27 15:17:42,259 file.manager INFO Manager starting.
2023-09-27 15:17:42,259 file.manager INFO Starting local logging.
2023-09-27 15:17:42,263 file.manager.namingmanager INFO NameServer connection succeeded: corba/localhost
2023-09-27 15:17:42,272 file.ManagerServant INFO Master manager not found
2023-09-27 15:17:42,274 file.LocalServiceAdmin INFO All the local services are enabled.
2023-09-27 15:17:42,280 file.manager INFO Component type conf file: speak.conf loaded.
2023-09-27 15:17:42,282 file.ec_base INFO setRate(1000000.000000) done
2023-09-27 15:17:42,282 file.ec_base INFO setRate(1000.000000) done
2023-09-27 15:17:42,282 file.rtobject INFO 1 execution context was created.
2023-09-27 15:17:42,283 file.rtobject INFO Initial active configuration set is default.
2023-09-27 15:17:52,323 file.ManagerServant INFO Master manager not found
2023-09-27 15:17:54,388 file.ec_base WARNING The component is not responding.
2023-09-27 15:17:54,389 file.ec_base ERROR Unknown error: Invalid state transition.
2023-09-27 15:18:02,367 file.ManagerServant INFO Master manager not found
2023-09-27 15:18:12,406 file.ManagerServant INFO Master manager not found
2023-09-27 15:18:22,443 file.ManagerServant INFO Master manager not found
2023-09-27 15:18:32,481 file.ManagerServant INFO Master manager not found
2023-09-27 15:18:42,517 file.ManagerServant INFO Master manager not found
2023-09-27 15:18:52,556 file.ManagerServant INFO Master manager not found
2023-09-27 15:19:02,594 file.ManagerServant INFO Master manager not found
2023-09-27 15:19:12,630 file.ManagerServant INFO Master manager not found
