2023-11-22 10:16:44,644 file.manager INFO 2.0.1
2023-11-22 10:16:44,644 file.manager INFO Copyright (C) 2003-2022, Noriaki Ando and OpenRTM development team,
2023-11-22 10:16:44,644 file.manager INFO   Intelligent Systems Research Institute, AIST,
2023-11-22 10:16:44,644 file.manager INFO Copyright (C) 2022, Noriaki Ando and OpenRTM development team,
2023-11-22 10:16:44,644 file.manager INFO   Industrial Cyber-Physical Research Center, AIST,
2023-11-22 10:16:44,644 file.manager INFO   All right reserved.
2023-11-22 10:16:44,644 file.manager INFO Manager starting.
2023-11-22 10:16:44,644 file.manager INFO Starting local logging.
2023-11-22 10:16:44,646 file.manager.namingmanager INFO NameServer connection succeeded: corba/localhost
2023-11-22 10:16:44,651 file.ManagerServant INFO Master manager not found
2023-11-22 10:16:44,651 file.LocalServiceAdmin INFO All the local services are enabled.
2023-11-22 10:16:44,716 file.manager INFO Component type conf file: speak.conf loaded.
2023-11-22 10:16:44,718 file.ec_base INFO setRate(1000000.000000) done
2023-11-22 10:16:44,718 file.ec_base INFO setRate(1000.000000) done
2023-11-22 10:16:44,718 file.rtobject INFO 1 execution context was created.
2023-11-22 10:16:44,719 file.rtobject INFO Initial active configuration set is default.
2023-11-22 10:16:54,647 file.SdoServiceAdmin WARNING No available SDO service in the factory: 
2023-11-22 10:16:54,647 file.SdoServiceAdmin ERROR type  not exists.
2023-11-22 10:16:54,769 file.ManagerServant INFO Master manager not found
2023-11-22 10:17:04,816 file.ManagerServant INFO Master manager not found
2023-11-22 10:17:14,868 file.ManagerServant INFO Master manager not found
2023-11-22 10:17:24,918 file.ManagerServant INFO Master manager not found
2023-11-22 10:17:34,969 file.ManagerServant INFO Master manager not found
2023-11-22 10:17:45,016 file.ManagerServant INFO Master manager not found
2023-11-22 10:17:55,067 file.ManagerServant INFO Master manager not found
2023-11-22 10:18:05,120 file.ManagerServant INFO Master manager not found
2023-11-22 10:18:15,173 file.ManagerServant INFO Master manager not found
2023-11-22 10:18:25,223 file.ManagerServant INFO Master manager not found
2023-11-22 10:18:35,275 file.ManagerServant INFO Master manager not found
2023-11-22 10:18:45,326 file.ManagerServant INFO Master manager not found
2023-11-22 10:18:55,382 file.ManagerServant INFO Master manager not found
2023-11-22 10:19:05,433 file.ManagerServant INFO Master manager not found
2023-11-22 10:19:15,484 file.ManagerServant INFO Master manager not found
2023-11-22 10:19:25,536 file.ManagerServant INFO Master manager not found
2023-11-22 10:19:35,589 file.ManagerServant INFO Master manager not found
2023-11-22 10:19:45,636 file.ManagerServant INFO Master manager not found
2023-11-22 10:19:55,682 file.ManagerServant INFO Master manager not found
2023-11-22 10:20:05,734 file.ManagerServant INFO Master manager not found
2023-11-22 10:20:15,785 file.ManagerServant INFO Master manager not found
2023-11-22 10:20:25,835 file.ManagerServant INFO Master manager not found
2023-11-22 10:20:35,886 file.ManagerServant INFO Master manager not found
2023-11-22 10:20:45,937 file.ManagerServant INFO Master manager not found
2023-11-22 10:20:55,990 file.ManagerServant INFO Master manager not found
2023-11-22 10:21:06,040 file.ManagerServant INFO Master manager not found
2023-11-22 10:21:16,091 file.ManagerServant INFO Master manager not found
2023-11-22 10:21:26,142 file.ManagerServant INFO Master manager not found
2023-11-22 10:21:36,194 file.ManagerServant INFO Master manager not found
2023-11-22 10:21:46,246 file.ManagerServant INFO Master manager not found
2023-11-22 10:21:56,303 file.ManagerServant INFO Master manager not found
2023-11-22 10:22:06,354 file.ManagerServant INFO Master manager not found
2023-11-22 10:22:16,400 file.ManagerServant INFO Master manager not found
2023-11-22 10:22:26,451 file.ManagerServant INFO Master manager not found
2023-11-22 10:22:36,504 file.ManagerServant INFO Master manager not found
2023-11-22 10:22:46,556 file.ManagerServant INFO Master manager not found
2023-11-22 10:22:56,607 file.ManagerServant INFO Master manager not found
2023-11-22 10:23:06,660 file.ManagerServant INFO Master manager not found
2023-11-22 10:23:16,711 file.ManagerServant INFO Master manager not found
2023-11-22 10:23:26,763 file.ManagerServant INFO Master manager not found
2023-11-22 10:23:36,807 file.ManagerServant INFO Master manager not found
2023-11-22 10:23:46,855 file.ManagerServant INFO Master manager not found
2023-11-22 10:23:56,906 file.ManagerServant INFO Master manager not found
2023-11-22 10:24:06,959 file.ManagerServant INFO Master manager not found
2023-11-22 10:24:17,009 file.ManagerServant INFO Master manager not found
2023-11-22 10:24:27,059 file.ManagerServant INFO Master manager not found
2023-11-22 10:24:37,111 file.ManagerServant INFO Master manager not found
2023-11-22 10:24:47,162 file.ManagerServant INFO Master manager not found
2023-11-22 10:24:57,212 file.ManagerServant INFO Master manager not found
2023-11-22 10:25:07,254 file.ManagerServant INFO Master manager not found
2023-11-22 10:25:17,307 file.ManagerServant INFO Master manager not found
2023-11-22 10:25:27,378 file.ManagerServant INFO Master manager not found
2023-11-22 10:25:37,428 file.ManagerServant INFO Master manager not found
2023-11-22 10:25:47,481 file.ManagerServant INFO Master manager not found
2023-11-22 10:25:57,532 file.ManagerServant INFO Master manager not found
2023-11-22 10:26:07,583 file.ManagerServant INFO Master manager not found
2023-11-22 10:26:17,637 file.ManagerServant INFO Master manager not found
2023-11-22 10:26:27,692 file.ManagerServant INFO Master manager not found
2023-11-22 10:26:37,745 file.ManagerServant INFO Master manager not found
2023-11-22 10:26:47,799 file.ManagerServant INFO Master manager not found
2023-11-22 10:26:57,850 file.ManagerServant INFO Master manager not found
2023-11-22 10:27:07,899 file.ManagerServant INFO Master manager not found
2023-11-22 10:27:17,952 file.ManagerServant INFO Master manager not found
2023-11-22 10:27:28,005 file.ManagerServant INFO Master manager not found
2023-11-22 10:27:38,058 file.ManagerServant INFO Master manager not found
2023-11-22 10:27:48,108 file.ManagerServant INFO Master manager not found
2023-11-22 10:27:58,166 file.ManagerServant INFO Master manager not found
2023-11-22 10:28:08,218 file.ManagerServant INFO Master manager not found
2023-11-22 10:28:18,271 file.ManagerServant INFO Master manager not found
2023-11-22 10:28:28,324 file.ManagerServant INFO Master manager not found
2023-11-22 10:28:38,377 file.ManagerServant INFO Master manager not found
2023-11-22 10:28:48,429 file.ManagerServant INFO Master manager not found
2023-11-22 10:28:58,482 file.ManagerServant INFO Master manager not found
2023-11-22 10:29:08,534 file.ManagerServant INFO Master manager not found
2023-11-22 10:29:18,586 file.ManagerServant INFO Master manager not found
2023-11-22 10:29:28,638 file.ManagerServant INFO Master manager not found
2023-11-22 10:29:38,693 file.ManagerServant INFO Master manager not found
2023-11-22 10:29:48,745 file.ManagerServant INFO Master manager not found
2023-11-22 10:29:58,797 file.ManagerServant INFO Master manager not found
2023-11-22 10:30:08,848 file.ManagerServant INFO Master manager not found
2023-11-22 10:30:18,899 file.ManagerServant INFO Master manager not found
2023-11-22 10:30:28,948 file.ManagerServant INFO Master manager not found
2023-11-22 10:30:39,001 file.ManagerServant INFO Master manager not found
2023-11-22 10:30:49,053 file.ManagerServant INFO Master manager not found
2023-11-22 10:30:59,111 file.ManagerServant INFO Master manager not found
2023-11-22 10:31:09,159 file.ManagerServant INFO Master manager not found
2023-11-22 10:31:19,212 file.ManagerServant INFO Master manager not found
2023-11-22 10:31:29,266 file.ManagerServant INFO Master manager not found
2023-11-22 10:31:39,319 file.ManagerServant INFO Master manager not found
2023-11-22 10:31:49,372 file.ManagerServant INFO Master manager not found
2023-11-22 10:31:59,426 file.ManagerServant INFO Master manager not found
2023-11-22 10:32:09,478 file.ManagerServant INFO Master manager not found
2023-11-22 10:32:19,529 file.ManagerServant INFO Master manager not found
2023-11-22 10:32:29,582 file.ManagerServant INFO Master manager not found
2023-11-22 10:32:39,635 file.ManagerServant INFO Master manager not found
2023-11-22 10:32:49,690 file.ManagerServant INFO Master manager not found
2023-11-22 10:32:59,742 file.ManagerServant INFO Master manager not found
2023-11-22 10:33:09,794 file.ManagerServant INFO Master manager not found
2023-11-22 10:33:19,847 file.ManagerServant INFO Master manager not found
2023-11-22 10:33:29,899 file.ManagerServant INFO Master manager not found
2023-11-22 10:33:39,948 file.ManagerServant INFO Master manager not found
2023-11-22 10:33:49,999 file.ManagerServant INFO Master manager not found
2023-11-22 10:34:00,054 file.ManagerServant INFO Master manager not found
2023-11-22 10:34:10,110 file.ManagerServant INFO Master manager not found
2023-11-22 10:34:20,163 file.ManagerServant INFO Master manager not found
2023-11-22 10:34:30,217 file.ManagerServant INFO Master manager not found
2023-11-22 10:34:40,270 file.ManagerServant INFO Master manager not found
2023-11-22 10:34:50,322 file.ManagerServant INFO Master manager not found
2023-11-22 10:35:00,376 file.ManagerServant INFO Master manager not found
2023-11-22 10:35:10,429 file.ManagerServant INFO Master manager not found
2023-11-22 10:35:20,483 file.ManagerServant INFO Master manager not found
2023-11-22 10:35:30,535 file.ManagerServant INFO Master manager not found
2023-11-22 10:35:40,585 file.ManagerServant INFO Master manager not found
2023-11-22 10:35:50,638 file.ManagerServant INFO Master manager not found
2023-11-22 10:36:00,688 file.ManagerServant INFO Master manager not found
2023-11-22 10:36:10,738 file.ManagerServant INFO Master manager not found
2023-11-22 10:36:20,792 file.ManagerServant INFO Master manager not found
2023-11-22 10:36:30,845 file.ManagerServant INFO Master manager not found
2023-11-22 10:36:40,895 file.ManagerServant INFO Master manager not found
2023-11-22 10:36:50,947 file.ManagerServant INFO Master manager not found
2023-11-22 10:37:00,996 file.ManagerServant INFO Master manager not found
2023-11-22 10:37:11,050 file.ManagerServant INFO Master manager not found
2023-11-22 10:37:21,103 file.ManagerServant INFO Master manager not found
2023-11-22 10:37:31,159 file.ManagerServant INFO Master manager not found
2023-11-22 10:37:41,211 file.ManagerServant INFO Master manager not found
2023-11-22 10:37:51,264 file.ManagerServant INFO Master manager not found
2023-11-22 10:38:01,317 file.ManagerServant INFO Master manager not found
2023-11-22 10:38:11,370 file.ManagerServant INFO Master manager not found
2023-11-22 10:38:21,423 file.ManagerServant INFO Master manager not found
2023-11-22 10:38:31,477 file.ManagerServant INFO Master manager not found
2023-11-22 10:38:41,530 file.ManagerServant INFO Master manager not found
2023-11-22 10:38:51,584 file.ManagerServant INFO Master manager not found
2023-11-22 10:39:01,635 file.ManagerServant INFO Master manager not found
2023-11-22 10:39:11,685 file.ManagerServant INFO Master manager not found
2023-11-22 10:39:21,739 file.ManagerServant INFO Master manager not found
2023-11-22 10:39:31,791 file.ManagerServant INFO Master manager not found
2023-11-22 10:39:41,845 file.ManagerServant INFO Master manager not found
2023-11-22 10:39:51,898 file.ManagerServant INFO Master manager not found
2023-11-22 10:47:50,547 file.ManagerServant INFO Master manager not found
2023-11-22 10:48:00,587 file.ManagerServant INFO Master manager not found
2023-11-22 10:48:10,633 file.ManagerServant INFO Master manager not found
2023-11-22 10:48:20,681 file.ManagerServant INFO Master manager not found
2023-11-22 10:48:30,734 file.ManagerServant INFO Master manager not found
2023-11-22 10:48:40,782 file.ManagerServant INFO Master manager not found
2023-11-22 10:48:50,834 file.ManagerServant INFO Master manager not found
2023-11-22 10:49:00,883 file.ManagerServant INFO Master manager not found
2023-11-22 10:49:10,932 file.ManagerServant INFO Master manager not found
2023-11-22 10:49:20,982 file.ManagerServant INFO Master manager not found
2023-11-22 10:49:31,029 file.ManagerServant INFO Master manager not found
2023-11-22 10:49:41,077 file.ManagerServant INFO Master manager not found
2023-11-22 10:49:51,126 file.ManagerServant INFO Master manager not found
2023-11-22 10:50:01,172 file.ManagerServant INFO Master manager not found
2023-11-22 10:50:11,223 file.ManagerServant INFO Master manager not found
2023-11-22 10:50:21,276 file.ManagerServant INFO Master manager not found
2023-11-22 10:50:31,323 file.ManagerServant INFO Master manager not found
2023-11-22 10:50:41,371 file.ManagerServant INFO Master manager not found
2023-11-22 10:50:51,416 file.ManagerServant INFO Master manager not found
2023-11-22 10:51:01,465 file.ManagerServant INFO Master manager not found
2023-11-22 10:51:11,514 file.ManagerServant INFO Master manager not found
2023-11-22 10:51:21,565 file.ManagerServant INFO Master manager not found
2023-11-22 10:51:31,615 file.ManagerServant INFO Master manager not found
2023-11-22 10:51:41,664 file.ManagerServant INFO Master manager not found
2023-11-22 10:51:51,712 file.ManagerServant INFO Master manager not found
2023-11-22 10:52:01,761 file.ManagerServant INFO Master manager not found
2023-11-22 10:52:11,810 file.ManagerServant INFO Master manager not found
2023-11-22 10:52:21,856 file.ManagerServant INFO Master manager not found
2023-11-22 10:52:31,904 file.ManagerServant INFO Master manager not found
2023-11-22 10:52:41,950 file.ManagerServant INFO Master manager not found
2023-11-22 10:52:52,001 file.ManagerServant INFO Master manager not found
2023-11-22 10:53:02,045 file.ManagerServant INFO Master manager not found
2023-11-22 10:53:12,092 file.ManagerServant INFO Master manager not found
2023-11-22 10:53:22,141 file.ManagerServant INFO Master manager not found
2023-11-22 10:53:32,190 file.ManagerServant INFO Master manager not found
2023-11-22 10:53:42,239 file.ManagerServant INFO Master manager not found
2023-11-22 10:53:52,286 file.ManagerServant INFO Master manager not found
2023-11-22 10:54:02,333 file.ManagerServant INFO Master manager not found
2023-11-22 10:54:12,384 file.ManagerServant INFO Master manager not found
2023-11-22 10:54:22,433 file.ManagerServant INFO Master manager not found
2023-11-22 10:54:32,485 file.ManagerServant INFO Master manager not found
2023-11-22 10:54:42,536 file.ManagerServant INFO Master manager not found
2023-11-22 10:54:52,585 file.ManagerServant INFO Master manager not found
2023-11-22 10:55:02,641 file.ManagerServant INFO Master manager not found
2023-11-22 10:55:12,690 file.ManagerServant INFO Master manager not found
2023-11-22 10:55:22,742 file.ManagerServant INFO Master manager not found
2023-11-22 10:55:32,792 file.ManagerServant INFO Master manager not found
2023-11-22 10:55:42,847 file.ManagerServant INFO Master manager not found
2023-11-22 10:55:52,900 file.ManagerServant INFO Master manager not found
2023-11-22 10:56:02,954 file.ManagerServant INFO Master manager not found
2023-11-22 10:56:13,008 file.ManagerServant INFO Master manager not found
2023-11-22 10:56:23,061 file.ManagerServant INFO Master manager not found
2023-11-22 10:56:33,111 file.ManagerServant INFO Master manager not found
2023-11-22 10:56:43,157 file.ManagerServant INFO Master manager not found
2023-11-22 10:56:53,208 file.ManagerServant INFO Master manager not found
2023-11-22 10:57:03,260 file.ManagerServant INFO Master manager not found
2023-11-22 10:57:13,313 file.ManagerServant INFO Master manager not found
2023-11-22 10:57:23,365 file.ManagerServant INFO Master manager not found
2023-11-22 10:57:33,416 file.ManagerServant INFO Master manager not found
2023-11-22 10:57:43,468 file.ManagerServant INFO Master manager not found
2023-11-22 10:57:53,521 file.ManagerServant INFO Master manager not found
2023-11-22 10:58:03,568 file.ManagerServant INFO Master manager not found
2023-11-22 10:58:13,626 file.ManagerServant INFO Master manager not found
2023-11-22 10:58:23,676 file.ManagerServant INFO Master manager not found
2023-11-22 10:58:33,730 file.ManagerServant INFO Master manager not found
2023-11-22 10:58:43,781 file.ManagerServant INFO Master manager not found
2023-11-22 10:58:53,834 file.ManagerServant INFO Master manager not found
2023-11-22 10:59:03,887 file.ManagerServant INFO Master manager not found
2023-11-22 10:59:13,939 file.ManagerServant INFO Master manager not found
2023-11-22 10:59:23,990 file.ManagerServant INFO Master manager not found
2023-11-22 10:59:34,036 file.ManagerServant INFO Master manager not found
2023-11-22 10:59:44,089 file.ManagerServant INFO Master manager not found
2023-11-22 10:59:54,140 file.ManagerServant INFO Master manager not found
2023-11-22 11:00:04,192 file.ManagerServant INFO Master manager not found
2023-11-22 11:00:14,245 file.ManagerServant INFO Master manager not found
2023-11-22 11:00:24,298 file.ManagerServant INFO Master manager not found
2023-11-22 11:00:34,350 file.ManagerServant INFO Master manager not found
2023-11-22 11:00:44,404 file.ManagerServant INFO Master manager not found
2023-11-22 11:00:54,458 file.ManagerServant INFO Master manager not found
2023-11-22 11:01:04,508 file.ManagerServant INFO Master manager not found
2023-11-22 11:01:14,564 file.ManagerServant INFO Master manager not found
2023-11-22 11:01:24,617 file.ManagerServant INFO Master manager not found
2023-11-22 11:01:34,670 file.ManagerServant INFO Master manager not found
2023-11-22 11:01:44,724 file.ManagerServant INFO Master manager not found
2023-11-22 11:01:54,775 file.ManagerServant INFO Master manager not found
2023-11-22 11:02:04,827 file.ManagerServant INFO Master manager not found
2023-11-22 11:02:14,880 file.ManagerServant INFO Master manager not found
2023-11-22 11:02:24,933 file.ManagerServant INFO Master manager not found
2023-11-22 11:02:34,989 file.ManagerServant INFO Master manager not found
2023-11-22 11:02:45,041 file.ManagerServant INFO Master manager not found
2023-11-22 11:02:55,096 file.ManagerServant INFO Master manager not found
2023-11-22 11:03:05,146 file.ManagerServant INFO Master manager not found
2023-11-22 11:03:15,196 file.ManagerServant INFO Master manager not found
2023-11-22 11:03:25,246 file.ManagerServant INFO Master manager not found
2023-11-22 11:03:35,299 file.ManagerServant INFO Master manager not found
2023-11-22 11:03:45,351 file.ManagerServant INFO Master manager not found
2023-11-22 11:03:55,405 file.ManagerServant INFO Master manager not found
2023-11-22 11:04:05,458 file.ManagerServant INFO Master manager not found
2023-11-22 11:04:15,509 file.ManagerServant INFO Master manager not found
2023-11-22 11:04:25,561 file.ManagerServant INFO Master manager not found
2023-11-22 11:04:35,612 file.ManagerServant INFO Master manager not found
2023-11-22 11:04:45,667 file.ManagerServant INFO Master manager not found
2023-11-22 11:04:55,720 file.ManagerServant INFO Master manager not found
2023-11-22 11:05:05,769 file.ManagerServant INFO Master manager not found
2023-11-22 11:05:15,822 file.ManagerServant INFO Master manager not found
2023-11-22 11:05:25,876 file.ManagerServant INFO Master manager not found
2023-11-22 11:05:35,927 file.ManagerServant INFO Master manager not found
2023-11-22 11:05:45,978 file.ManagerServant INFO Master manager not found
2023-11-22 11:05:56,030 file.ManagerServant INFO Master manager not found
2023-11-22 11:06:06,082 file.ManagerServant INFO Master manager not found
2023-11-22 11:06:16,136 file.ManagerServant INFO Master manager not found
2023-11-22 11:06:26,189 file.ManagerServant INFO Master manager not found
2023-11-22 11:06:36,237 file.ManagerServant INFO Master manager not found
2023-11-22 11:06:46,290 file.ManagerServant INFO Master manager not found
2023-11-22 11:06:56,344 file.ManagerServant INFO Master manager not found
2023-11-22 11:07:06,396 file.ManagerServant INFO Master manager not found
2023-11-22 11:07:16,448 file.ManagerServant INFO Master manager not found
2023-11-22 11:07:26,502 file.ManagerServant INFO Master manager not found
2023-11-22 11:07:36,554 file.ManagerServant INFO Master manager not found
2023-11-22 11:07:46,606 file.ManagerServant INFO Master manager not found
2023-11-22 11:07:56,662 file.ManagerServant INFO Master manager not found
2023-11-22 11:08:06,714 file.ManagerServant INFO Master manager not found
2023-11-22 11:08:16,767 file.ManagerServant INFO Master manager not found
2023-11-22 11:08:26,819 file.ManagerServant INFO Master manager not found
2023-11-22 11:08:36,870 file.ManagerServant INFO Master manager not found
2023-11-22 11:08:46,924 file.ManagerServant INFO Master manager not found
2023-11-22 11:08:56,972 file.ManagerServant INFO Master manager not found
2023-11-22 11:09:07,026 file.ManagerServant INFO Master manager not found
2023-11-22 11:09:17,079 file.ManagerServant INFO Master manager not found
2023-11-22 11:09:27,131 file.ManagerServant INFO Master manager not found
2023-11-22 11:09:37,184 file.ManagerServant INFO Master manager not found
2023-11-22 11:09:47,235 file.ManagerServant INFO Master manager not found
2023-11-22 11:09:57,284 file.ManagerServant INFO Master manager not found
2023-11-22 11:10:07,337 file.ManagerServant INFO Master manager not found
2023-11-22 11:10:17,389 file.ManagerServant INFO Master manager not found
2023-11-22 11:10:27,442 file.ManagerServant INFO Master manager not found
2023-11-22 11:10:37,495 file.ManagerServant INFO Master manager not found
2023-11-22 11:10:47,548 file.ManagerServant INFO Master manager not found
2023-11-22 11:10:57,601 file.ManagerServant INFO Master manager not found
2023-11-22 11:11:07,651 file.ManagerServant INFO Master manager not found
2023-11-22 11:11:17,703 file.ManagerServant INFO Master manager not found
2023-11-22 11:11:27,757 file.ManagerServant INFO Master manager not found
2023-11-22 11:11:37,809 file.ManagerServant INFO Master manager not found
2023-11-22 11:11:47,861 file.ManagerServant INFO Master manager not found
2023-11-22 11:11:57,915 file.ManagerServant INFO Master manager not found
2023-11-22 11:12:07,962 file.ManagerServant INFO Master manager not found
2023-11-22 11:12:18,014 file.ManagerServant INFO Master manager not found
2023-11-22 11:12:28,068 file.ManagerServant INFO Master manager not found
2023-11-22 11:12:38,121 file.ManagerServant INFO Master manager not found
2023-11-22 11:12:48,174 file.ManagerServant INFO Master manager not found
2023-11-22 11:12:58,224 file.ManagerServant INFO Master manager not found
2023-11-22 11:13:08,275 file.ManagerServant INFO Master manager not found
2023-11-22 11:13:18,325 file.ManagerServant INFO Master manager not found
2023-11-22 11:13:28,373 file.ManagerServant INFO Master manager not found
2023-11-22 11:13:38,423 file.ManagerServant INFO Master manager not found
2023-11-22 11:13:48,473 file.ManagerServant INFO Master manager not found
2023-11-22 11:13:58,525 file.ManagerServant INFO Master manager not found
2023-11-22 11:14:08,578 file.ManagerServant INFO Master manager not found
2023-11-22 11:14:18,631 file.ManagerServant INFO Master manager not found
2023-11-22 11:14:28,686 file.ManagerServant INFO Master manager not found
2023-11-22 11:14:38,735 file.ManagerServant INFO Master manager not found
2023-11-22 11:14:48,784 file.ManagerServant INFO Master manager not found
2023-11-22 11:14:58,831 file.ManagerServant INFO Master manager not found
2023-11-22 11:15:08,881 file.ManagerServant INFO Master manager not found
2023-11-22 11:15:18,931 file.ManagerServant INFO Master manager not found
2023-11-22 11:15:28,983 file.ManagerServant INFO Master manager not found
2023-11-22 11:15:39,029 file.ManagerServant INFO Master manager not found
2023-11-22 11:15:49,078 file.ManagerServant INFO Master manager not found
2023-11-22 11:15:59,121 file.ManagerServant INFO Master manager not found
2023-11-22 11:16:09,170 file.ManagerServant INFO Master manager not found
2023-11-22 11:16:19,223 file.ManagerServant INFO Master manager not found
2023-11-22 11:16:29,279 file.ManagerServant INFO Master manager not found
2023-11-22 11:16:39,330 file.ManagerServant INFO Master manager not found
2023-11-22 11:16:49,383 file.ManagerServant INFO Master manager not found
2023-11-22 11:16:59,433 file.ManagerServant INFO Master manager not found
2023-11-22 11:17:09,485 file.ManagerServant INFO Master manager not found
2023-11-22 11:17:19,537 file.ManagerServant INFO Master manager not found
2023-11-22 11:17:29,590 file.ManagerServant INFO Master manager not found
2023-11-22 11:17:39,646 file.ManagerServant INFO Master manager not found
2023-11-22 11:17:49,700 file.ManagerServant INFO Master manager not found
2023-11-22 11:17:59,752 file.ManagerServant INFO Master manager not found
2023-11-22 11:18:09,806 file.ManagerServant INFO Master manager not found
2023-11-22 11:18:19,857 file.ManagerServant INFO Master manager not found
2023-11-22 11:18:29,909 file.ManagerServant INFO Master manager not found
2023-11-22 11:18:39,960 file.ManagerServant INFO Master manager not found
2023-11-22 11:18:50,012 file.ManagerServant INFO Master manager not found
2023-11-22 11:19:00,064 file.ManagerServant INFO Master manager not found
2023-11-22 11:19:10,116 file.ManagerServant INFO Master manager not found
2023-11-22 11:19:20,168 file.ManagerServant INFO Master manager not found
2023-11-22 11:19:30,222 file.ManagerServant INFO Master manager not found
2023-11-22 11:19:40,275 file.ManagerServant INFO Master manager not found
2023-11-22 11:19:50,326 file.ManagerServant INFO Master manager not found
2023-11-22 11:19:53,295 file.ec_base WARNING The component is not responding.
2023-11-22 11:19:53,295 file.ec_base ERROR Unknown error: Invalid state transition.
2023-11-22 11:20:00,365 file.ManagerServant INFO Master manager not found
2023-11-22 11:20:10,417 file.ManagerServant INFO Master manager not found
2023-11-22 11:20:20,467 file.ManagerServant INFO Master manager not found
2023-11-22 11:20:30,521 file.ManagerServant INFO Master manager not found
2023-11-22 11:20:40,572 file.ManagerServant INFO Master manager not found
2023-11-22 11:20:50,624 file.ManagerServant INFO Master manager not found
2023-11-22 11:21:00,674 file.ManagerServant INFO Master manager not found
2023-11-22 11:21:10,727 file.ManagerServant INFO Master manager not found
2023-11-22 11:21:20,776 file.ManagerServant INFO Master manager not found
2023-11-22 11:21:30,826 file.ManagerServant INFO Master manager not found
2023-11-22 11:21:40,877 file.ManagerServant INFO Master manager not found
2023-11-22 11:21:50,921 file.ManagerServant INFO Master manager not found
2023-11-22 11:22:00,974 file.ManagerServant INFO Master manager not found
2023-11-22 11:22:11,028 file.ManagerServant INFO Master manager not found
2023-11-22 11:22:21,085 file.ManagerServant INFO Master manager not found
2023-11-22 11:22:31,140 file.ManagerServant INFO Master manager not found
2023-11-22 11:22:41,196 file.ManagerServant INFO Master manager not found
2023-11-22 11:22:51,252 file.ManagerServant INFO Master manager not found
2023-11-22 11:23:01,309 file.ManagerServant INFO Master manager not found
2023-11-22 11:23:11,364 file.ManagerServant INFO Master manager not found
2023-11-22 11:23:21,418 file.ManagerServant INFO Master manager not found
2023-11-22 11:23:31,472 file.ManagerServant INFO Master manager not found
2023-11-22 11:23:41,527 file.ManagerServant INFO Master manager not found
2023-11-22 11:23:51,579 file.ManagerServant INFO Master manager not found
2023-11-22 11:24:01,636 file.ManagerServant INFO Master manager not found
2023-11-22 11:24:11,691 file.ManagerServant INFO Master manager not found
2023-11-22 11:24:21,748 file.ManagerServant INFO Master manager not found
2023-11-22 11:24:31,802 file.ManagerServant INFO Master manager not found
2023-11-22 11:24:41,858 file.ManagerServant INFO Master manager not found
2023-11-22 11:24:51,908 file.ManagerServant INFO Master manager not found
2023-11-22 11:25:01,964 file.ManagerServant INFO Master manager not found
2023-11-22 11:25:12,017 file.ManagerServant INFO Master manager not found
2023-11-22 11:25:22,073 file.ManagerServant INFO Master manager not found
2023-11-22 11:25:32,124 file.ManagerServant INFO Master manager not found
2023-11-22 11:25:42,178 file.ManagerServant INFO Master manager not found
2023-11-22 11:25:52,233 file.ManagerServant INFO Master manager not found
2023-11-22 11:26:02,287 file.ManagerServant INFO Master manager not found
2023-11-22 11:26:12,343 file.ManagerServant INFO Master manager not found
2023-11-22 11:26:22,399 file.ManagerServant INFO Master manager not found
2023-11-22 11:26:32,474 file.ManagerServant INFO Master manager not found
2023-11-22 11:26:42,528 file.ManagerServant INFO Master manager not found
2023-11-22 11:26:52,581 file.ManagerServant INFO Master manager not found
2023-11-22 11:27:02,628 file.ManagerServant INFO Master manager not found
2023-11-22 11:27:12,680 file.ManagerServant INFO Master manager not found
2023-11-22 11:27:22,735 file.ManagerServant INFO Master manager not found
2023-11-22 11:27:32,793 file.ManagerServant INFO Master manager not found
2023-11-22 11:27:42,847 file.ManagerServant INFO Master manager not found
2023-11-22 11:27:52,902 file.ManagerServant INFO Master manager not found
2023-11-22 11:28:02,956 file.ManagerServant INFO Master manager not found
2023-11-22 11:28:13,010 file.ManagerServant INFO Master manager not found
2023-11-22 11:28:23,066 file.ManagerServant INFO Master manager not found
2023-11-22 11:28:33,126 file.ManagerServant INFO Master manager not found
2023-11-22 11:28:43,181 file.ManagerServant INFO Master manager not found
2023-11-22 11:28:53,237 file.ManagerServant INFO Master manager not found
2023-11-22 11:29:03,294 file.ManagerServant INFO Master manager not found
2023-11-22 11:29:13,349 file.ManagerServant INFO Master manager not found
2023-11-22 11:29:23,406 file.ManagerServant INFO Master manager not found
2023-11-22 11:29:33,454 file.ManagerServant INFO Master manager not found
2023-11-22 11:29:43,510 file.ManagerServant INFO Master manager not found
2023-11-22 11:29:53,564 file.ManagerServant INFO Master manager not found
2023-11-22 11:30:03,621 file.ManagerServant INFO Master manager not found
2023-11-22 11:30:13,676 file.ManagerServant INFO Master manager not found
2023-11-22 11:30:23,732 file.ManagerServant INFO Master manager not found
2023-11-22 11:30:33,790 file.ManagerServant INFO Master manager not found
2023-11-22 11:30:43,845 file.ManagerServant INFO Master manager not found
2023-11-22 11:30:53,902 file.ManagerServant INFO Master manager not found
2023-11-22 11:31:03,952 file.ManagerServant INFO Master manager not found
2023-11-22 11:31:14,008 file.ManagerServant INFO Master manager not found
2023-11-22 11:31:24,064 file.ManagerServant INFO Master manager not found
2023-11-22 11:50:41,526 file.ManagerServant INFO Master manager not found
2023-11-22 11:50:51,574 file.ManagerServant INFO Master manager not found
2023-11-22 11:51:01,626 file.ManagerServant INFO Master manager not found
2023-11-22 11:51:11,680 file.ManagerServant INFO Master manager not found
2023-11-22 11:51:14,350 file.ec_base WARNING The component is not responding.
2023-11-22 11:51:14,350 file.ec_base ERROR Unknown error: Invalid state transition.
2023-11-22 11:51:21,729 file.ManagerServant INFO Master manager not found
2023-11-22 11:51:25,864 file.ec_worker ERROR State of the RTC is not ACTIVE_STATE.
2023-11-22 11:51:31,782 file.ManagerServant INFO Master manager not found
2023-11-22 11:51:41,837 file.ManagerServant INFO Master manager not found
2023-11-22 11:51:51,896 file.ManagerServant INFO Master manager not found
2023-11-22 11:52:01,953 file.ManagerServant INFO Master manager not found
2023-11-22 11:52:12,005 file.ManagerServant INFO Master manager not found
