2023-09-27 15:34:04,123 file.manager INFO 2.0.1
2023-09-27 15:34:04,123 file.manager INFO Copyright (C) 2003-2022, Noriaki Ando and OpenRTM development team,
2023-09-27 15:34:04,123 file.manager INFO   Intelligent Systems Research Institute, AIST,
2023-09-27 15:34:04,123 file.manager INFO Copyright (C) 2022, Noriaki Ando and OpenRTM development team,
2023-09-27 15:34:04,123 file.manager INFO   Industrial Cyber-Physical Research Center, AIST,
2023-09-27 15:34:04,124 file.manager INFO   All right reserved.
2023-09-27 15:34:04,124 file.manager INFO Manager starting.
2023-09-27 15:34:04,124 file.manager INFO Starting local logging.
2023-09-27 15:34:04,125 file.manager.namingmanager INFO NameServer connection succeeded: corba/localhost
2023-09-27 15:34:04,132 file.ManagerServant INFO Master manager not found
2023-09-27 15:34:04,136 file.LocalServiceAdmin INFO All the local services are enabled.
2023-09-27 15:34:04,140 file.manager INFO Component type conf file: speak.conf loaded.
2023-09-27 15:34:04,142 file.ec_base INFO setRate(1000000.000000) done
2023-09-27 15:34:04,142 file.ec_base INFO setRate(1000.000000) done
2023-09-27 15:34:04,143 file.rtobject INFO 1 execution context was created.
2023-09-27 15:34:04,145 file.rtobject INFO Initial active configuration set is default.
2023-09-27 15:34:14,187 file.ManagerServant INFO Master manager not found
2023-09-27 15:34:24,228 file.ManagerServant INFO Master manager not found
2023-09-27 15:34:34,265 file.ManagerServant INFO Master manager not found
2023-09-27 15:34:44,304 file.ManagerServant INFO Master manager not found
2023-09-27 15:34:54,346 file.ManagerServant INFO Master manager not found
2023-09-27 15:35:04,387 file.ManagerServant INFO Master manager not found
